  ****************************************************
  *    USAF STABILITY AND CONTROL  DIGITAL DATCOM    *
  *    PROGRAM REV. JAN 96   DIRECT INQUIRIES TO:    *
  *    WRIGHT LABORATORY  (WL/FIGC)  ATTN: W. BLAKE  *
  *      WRIGHT PATTERSON AFB, OHIO  45433           *
  *    PHONE (513) 255-6764,   FAX (513) 258-4054    *
  ****************************************************
1                         CONERR - INPUT ERROR CHECKING
0 ERROR CODES - N* DENOTES THE NUMBER OF OCCURENCES OF EACH ERROR
0 A - UNKNOWN VARIABLE NAME
0 B - MISSING EQUAL SIGN FOLLOWING VARIABLE NAME
0 C - NON-ARRAY VARIABLE HAS AN ARRAY ELEMENT DESIGNATION - (N)
0 D - NON-ARRAY VARIABLE HAS MULTIPLE VALUES ASSIGNED
0 E - ASSIGNED VALUES EXCEED ARRAY DIMENSION
0 F - SYNTAX ERROR

0******************************  INPUT DATA CARDS  ******************************

 CASEID CERES NASA TN D-5857                                                     
  $FLTCON NMACH=2.0,MACH(1)=0.2,0.6$                                             
  $FLTCON NALT=2.0,ALT(1)=0.0,65617.0$                                           
  $FLTCON NALPHA=9.0,ALSCHD=-4.0,-2.0,0.0,2.0,4.0,6.0,8.0,10.0,12.0,             
   GAMMA=0.0,WT=223282.04,LOOP=1.0$                                              
  $OPTINS SREF=11945.82,CBARR=31.82,BLREF=394.08$                                
  $SYNTHS XCG=154.29,ZCG=9.01,XW=134.22,ZW=11.26,ALIW=0.0,XH=332.64,             
   ZH=49.38,ALIH=0.0,XV=286.12,ZV=11.26,VERTUP=.TRUE.$                           
  $BODY NX=4.0,ITYPE=1.0,                                                        
   X=0.,37.24,96.84,321.76,                                                      
   ZU=0.,11.26,11.26,11.26,                                                      
   ZL=0.,-11.26,-11.26,10.6,                                                     
   S=0.,697.44,697.44,1.36,                                                      
   P=0.,123.84,123.84,4.12,                                                      
   R=0.,19.72,19.72,0.66$                                                        
  $WGSCHR TYPEIN=1.0, NPTS=31.0,                                                 
  XCORD= 0.0, 0.002, 0.005, 0.01, 0.02, 0.03, 0.04,                              
  0.08, 0.12, 0.16, 0.2, 0.24, 0.28,                                             
  0.32, 0.36, 0.4, 0.44, 0.48, 0.52,                                             
  0.56, 0.6, 0.64, 0.68, 0.72, 0.76,                                             
  0.8, 0.84, 0.88, 0.92, 0.96, 1.,                                               
  YUPPER= 0.0, 0.0092, 0.0141, 0.019, 0.0252,                                    
  0.0294, 0.0327, 0.0415, 0.0471,                                                
  0.0513, 0.0544, 0.0567, 0.0584,                                                
  0.0594, 0.06, 0.0601, 0.0598,                                                  
  0.059, 0.0577, 0.0559, 0.0537,                                                 
  0.0508, 0.0472, 0.0428, 0.0376,                                                
  0.0316, 0.0248, 0.0172, 0.0088,                                                
  -0.0007, -0.0117,                                                              
  YLOWER= 0.0, -0.0092, -0.0141, -0.019, -0.0252,                                
  -0.0294, -0.0327, -0.0414, -0.0472,                                            
  -0.0514, -0.0546, -0.0569, -0.0585,                                            
  -0.0595, -0.0598, -0.0596, -0.0586,                                            
  -0.0567, -0.0537, -0.0496, -0.0443,                                            
  -0.0382, -0.0315, -0.0244, -0.0174,                                            
  -0.011, -0.0059, -0.0035, -0.0041,                                             
  -0.0087, -0.0177$                                                              
  $WGPLNF CHRDR=42.04,CHRDTP=18.6,SSPN=197.04,SSPNE=177.34,                      
   SAVSI=28.66,CHSTAT=0.0,TWISTA=-4.5,DHDADI=-1.0,TYPE=1.0$                      
  $HTSCHR TYPEIN=1.0, NPTS=31.0,                                                 
  XCORD= 0.0, 0.002, 0.005, 0.01, 0.02, 0.03, 0.04,                              
  0.08, 0.12, 0.16, 0.2, 0.24, 0.28,                                             
  0.32, 0.36, 0.4, 0.44, 0.48, 0.52,                                             
  0.56, 0.6, 0.64, 0.68, 0.72, 0.76,                                             
  0.8, 0.84, 0.88, 0.92, 0.96, 1.,                                               
  YUPPER= 0.0, 0.0076, 0.0116, 0.0155, 0.0206,                                   
  0.0241, 0.0268, 0.0341, 0.0389,                                                
  0.0425, 0.0451, 0.047, 0.0484,                                                 
  0.0493, 0.0498, 0.05, 0.0498,                                                  
  0.0492, 0.0483, 0.047, 0.0453,                                                 
  0.0432, 0.0405, 0.0372, 0.0332,                                                
  0.0285, 0.0231, 0.0169, 0.0101,                                                
  0.0025, -0.0067,                                                               
  YLOWER= 0.0, -0.0076, -0.0116, -0.0155, -0.0206,                               
  -0.0241, -0.0268, -0.0341, -0.039,                                             
  -0.0426, -0.0452, -0.0472, -0.0486,                                            
  -0.0495, -0.0498, -0.0496, -0.0489,                                            
  -0.0475, -0.0453, -0.0422, -0.0378,                                            
  -0.0327, -0.0269, -0.0206, -0.0142,                                            
  -0.0081, -0.0035, -0.0007, -0.0007,                                            
  -0.0042, -0.0116$                                                              
  $HTPLNF CHRDR=22.98,CHRDTP=8.0,SSPN=67.84,SSPNE=61.06,                         
   SAVSI=31.38,CHSTAT=0.25,TWISTA=-2.0,DHDADI=-1.0,TYPE=1.0$                     
 NACA-V-4-0009                                                                   
  $VTPLNF CHRDR=35.64,CHRDTP=23.02,SSPN=38.12,SSPNE=34.31,                       
   SAVSI=50.67,CHSTAT=0.0,TYPE=1.0$                                              
 DAMP                                                                            
 NEXT CASE                                                                       
1          THE FOLLOWING IS A LIST OF ALL INPUT CARDS FOR THIS CASE.
0
 CASEID CERES NASA TN D-5857                                                     
  $FLTCON NMACH=2.0,MACH(1)=0.2,0.6$                                             
  $FLTCON NALT=2.0,ALT(1)=0.0,65617.0$                                           
  $FLTCON NALPHA=9.0,ALSCHD=-4.0,-2.0,0.0,2.0,4.0,6.0,8.0,10.0,12.0,             
   GAMMA=0.0,WT=223282.04,LOOP=1.0$                                              
  $OPTINS SREF=11945.82,CBARR=31.82,BLREF=394.08$                                
  $SYNTHS XCG=154.29,ZCG=9.01,XW=134.22,ZW=11.26,ALIW=0.0,XH=332.64,             
   ZH=49.38,ALIH=0.0,XV=286.12,ZV=11.26,VERTUP=.TRUE.$                           
  $BODY NX=4.0,ITYPE=1.0,                                                        
   X=0.,37.24,96.84,321.76,                                                      
   ZU=0.,11.26,11.26,11.26,                                                      
   ZL=0.,-11.26,-11.26,10.6,                                                     
   S=0.,697.44,697.44,1.36,                                                      
   P=0.,123.84,123.84,4.12,                                                      
   R=0.,19.72,19.72,0.66$                                                        
  $WGSCHR TYPEIN=1.0, NPTS=31.0,                                                 
  XCORD= 0.0, 0.002, 0.005, 0.01, 0.02, 0.03, 0.04,                              
  0.08, 0.12, 0.16, 0.2, 0.24, 0.28,                                             
  0.32, 0.36, 0.4, 0.44, 0.48, 0.52,                                             
  0.56, 0.6, 0.64, 0.68, 0.72, 0.76,                                             
  0.8, 0.84, 0.88, 0.92, 0.96, 1.,                                               
  YUPPER= 0.0, 0.0092, 0.0141, 0.019, 0.0252,                                    
  0.0294, 0.0327, 0.0415, 0.0471,                                                
  0.0513, 0.0544, 0.0567, 0.0584,                                                
  0.0594, 0.06, 0.0601, 0.0598,                                                  
  0.059, 0.0577, 0.0559, 0.0537,                                                 
  0.0508, 0.0472, 0.0428, 0.0376,                                                
  0.0316, 0.0248, 0.0172, 0.0088,                                                
  -0.0007, -0.0117,                                                              
  YLOWER= 0.0, -0.0092, -0.0141, -0.019, -0.0252,                                
  -0.0294, -0.0327, -0.0414, -0.0472,                                            
  -0.0514, -0.0546, -0.0569, -0.0585,                                            
  -0.0595, -0.0598, -0.0596, -0.0586,                                            
  -0.0567, -0.0537, -0.0496, -0.0443,                                            
  -0.0382, -0.0315, -0.0244, -0.0174,                                            
  -0.011, -0.0059, -0.0035, -0.0041,                                             
  -0.0087, -0.0177$                                                              
  $WGPLNF CHRDR=42.04,CHRDTP=18.6,SSPN=197.04,SSPNE=177.34,                      
   SAVSI=28.66,CHSTAT=0.0,TWISTA=-4.5,DHDADI=-1.0,TYPE=1.0$                      
  $HTSCHR TYPEIN=1.0, NPTS=31.0,                                                 
  XCORD= 0.0, 0.002, 0.005, 0.01, 0.02, 0.03, 0.04,                              
  0.08, 0.12, 0.16, 0.2, 0.24, 0.28,                                             
  0.32, 0.36, 0.4, 0.44, 0.48, 0.52,                                             
  0.56, 0.6, 0.64, 0.68, 0.72, 0.76,                                             
  0.8, 0.84, 0.88, 0.92, 0.96, 1.,                                               
  YUPPER= 0.0, 0.0076, 0.0116, 0.0155, 0.0206,                                   
  0.0241, 0.0268, 0.0341, 0.0389,                                                
  0.0425, 0.0451, 0.047, 0.0484,                                                 
  0.0493, 0.0498, 0.05, 0.0498,                                                  
  0.0492, 0.0483, 0.047, 0.0453,                                                 
  0.0432, 0.0405, 0.0372, 0.0332,                                                
  0.0285, 0.0231, 0.0169, 0.0101,                                                
  0.0025, -0.0067,                                                               
  YLOWER= 0.0, -0.0076, -0.0116, -0.0155, -0.0206,                               
  -0.0241, -0.0268, -0.0341, -0.039,                                             
  -0.0426, -0.0452, -0.0472, -0.0486,                                            
  -0.0495, -0.0498, -0.0496, -0.0489,                                            
  -0.0475, -0.0453, -0.0422, -0.0378,                                            
  -0.0327, -0.0269, -0.0206, -0.0142,                                            
  -0.0081, -0.0035, -0.0007, -0.0007,                                            
  -0.0042, -0.0116$                                                              
  $HTPLNF CHRDR=22.98,CHRDTP=8.0,SSPN=67.84,SSPNE=61.06,                         
   SAVSI=31.38,CHSTAT=0.25,TWISTA=-2.0,DHDADI=-1.0,TYPE=1.0$                     
 NACA-V-4-0009                                                                   
  $VTPLNF CHRDR=35.64,CHRDTP=23.02,SSPN=38.12,SSPNE=34.31,                       
   SAVSI=50.67,CHSTAT=0.0,TYPE=1.0$                                              
 DAMP                                                                            
 NEXT CASE                                                                       
0 INPUT DIMENSIONS ARE IN FT, SCALE FACTOR IS 1.0000

1                             AUTOMATED STABILITY AND CONTROL METHODS PER APRIL 1976 VERSION OF DATCOM   
                                                        USER DEFINED WING SECTION
     UPPER ABSCISSA     UPPER ORDINATE     LOWER ABSCISSA     LOWER ORDINATE      X-FRACTION CHORD    MEAN LINE    THICKNESS
         0.00000            0.00000           0.00000           0.00000              0.00000           0.00000       0.00000
         0.00200            0.00920           0.00200          -0.00920              0.00200           0.00000       0.01840
         0.00500            0.01410           0.00500          -0.01410              0.00500           0.00000       0.02820
         0.01000            0.01900           0.01000          -0.01900              0.01000           0.00000       0.03800
         0.02000            0.02520           0.02000          -0.02520              0.02000           0.00000       0.05040
         0.03000            0.02940           0.03000          -0.02940              0.03000           0.00000       0.05880
         0.03999            0.03270           0.04001          -0.03270              0.04000           0.00000       0.06540
         0.08003            0.04150           0.07997          -0.04140              0.08000           0.00005       0.08290
         0.12006            0.04710           0.11994          -0.04720              0.12000          -0.00005       0.09430
         0.16003            0.05130           0.15997          -0.05140              0.16000          -0.00005       0.10270
         0.20003            0.05440           0.19997          -0.05460              0.20000          -0.00010       0.10900
         0.23996            0.05670           0.24004          -0.05690              0.24000          -0.00010       0.11360
         0.27996            0.05840           0.28004          -0.05850              0.28000          -0.00005       0.11690
         0.31989            0.05940           0.32011          -0.05950              0.32000          -0.00005       0.11890
         0.35978            0.06000           0.36022          -0.05980              0.36000           0.00010       0.11980
         0.39963            0.06010           0.40037          -0.05960              0.40000           0.00025       0.11970
         0.43933            0.05980           0.44067          -0.05860              0.44000           0.00060       0.11840
         0.47899            0.05899           0.48101          -0.05669              0.48000           0.00115       0.11570
         0.51861            0.05768           0.52139          -0.05368              0.52000           0.00200       0.11140
         0.55822            0.05587           0.56178          -0.04957              0.56000           0.00315       0.10550
         0.59807            0.05366           0.60193          -0.04426              0.60000           0.00470       0.09800
         0.63825            0.05077           0.64175          -0.03817              0.64000           0.00630       0.08900
         0.67857            0.04717           0.68143          -0.03147              0.68000           0.00785       0.07870
         0.71906            0.04279           0.72094          -0.02439              0.72000           0.00920       0.06720
         0.75962            0.03760           0.76038          -0.01740              0.76000           0.01010       0.05500
         0.80017            0.03160           0.79983          -0.01100              0.80000           0.01030       0.04260
         0.84066            0.02479           0.83934          -0.00589              0.84000           0.00945       0.03070
         0.88091            0.01716           0.87909          -0.00346              0.88000           0.00685       0.02070
         0.92092            0.00873           0.91908          -0.00403              0.92000           0.00235       0.01290
         0.96012           -0.00070           0.95988          -0.00870              0.96000          -0.00470       0.00800
         1.00000            0.00000           1.00000           0.00000              1.00000           0.00000       0.00000
1                             AUTOMATED STABILITY AND CONTROL METHODS PER APRIL 1976 VERSION OF DATCOM   
                                                        WING SECTION DEFINITION
0                                 IDEAL ANGLE OF ATTACK =   0.62873 DEG.

                              ZERO LIFT ANGLE OF ATTACK =   0.97322 DEG.

                                 IDEAL LIFT COEFFICIENT =  -0.05182

                  ZERO LIFT PITCHING MOMENT COEFFICIENT =   0.02302

                             MACH ZERO LIFT-CURVE-SLOPE =   0.10374 /DEG.

                                    LEADING EDGE RADIUS =   0.02216 FRACTION CHORD

                              MAXIMUM AIRFOIL THICKNESS =   0.11980 FRACTION CHORD

                                                DELTA-Y =   3.01750 PERCENT CHORD


0                         MACH= 0.2000 LIFT-CURVE-SLOPE =   0.10544 /DEG.      XAC =   0.25409
0                         MACH= 0.6000 LIFT-CURVE-SLOPE =   0.12467 /DEG.      XAC =   0.25814
1                             AUTOMATED STABILITY AND CONTROL METHODS PER APRIL 1976 VERSION OF DATCOM   
                                                   USER DEFINED HORIZONTAL TAIL SECTION
     UPPER ABSCISSA     UPPER ORDINATE     LOWER ABSCISSA     LOWER ORDINATE      X-FRACTION CHORD    MEAN LINE    THICKNESS
         0.00000            0.00000           0.00000           0.00000              0.00000           0.00000       0.00000
         0.00200            0.00760           0.00200          -0.00760              0.00200           0.00000       0.01520
         0.00500            0.01160           0.00500          -0.01160              0.00500           0.00000       0.02320
         0.01000            0.01550           0.01000          -0.01550              0.01000           0.00000       0.03100
         0.02000            0.02060           0.02000          -0.02060              0.02000           0.00000       0.04120
         0.03000            0.02410           0.03000          -0.02410              0.03000           0.00000       0.04820
         0.04000            0.02680           0.04000          -0.02680              0.04000           0.00000       0.05360
         0.08002            0.03410           0.07998          -0.03410              0.08000           0.00000       0.06820
         0.12002            0.03890           0.11998          -0.03900              0.12000          -0.00005       0.07790
         0.16000            0.04250           0.16000          -0.04260              0.16000          -0.00005       0.08510
         0.20003            0.04510           0.19997          -0.04520              0.20000          -0.00005       0.09030
         0.24003            0.04700           0.23997          -0.04720              0.24000          -0.00010       0.09420
         0.28000            0.04840           0.28000          -0.04860              0.28000          -0.00010       0.09700
         0.31994            0.04930           0.32006          -0.04950              0.32000          -0.00010       0.09880
         0.35981            0.04980           0.36019          -0.04980              0.36000           0.00000       0.09960
         0.39972            0.05000           0.40028          -0.04960              0.40000           0.00020       0.09960
         0.43960            0.04980           0.44040          -0.04890              0.44000           0.00045       0.09870
         0.47937            0.04920           0.48063          -0.04750              0.48000           0.00085       0.09670
         0.51909            0.04829           0.52091          -0.04529              0.52000           0.00150       0.09360
         0.55875            0.04698           0.56125          -0.04218              0.56000           0.00240       0.08920
         0.59852            0.04527           0.60148          -0.03777              0.60000           0.00375       0.08310
         0.63855            0.04317           0.64145          -0.03267              0.64000           0.00525       0.07590
         0.67872            0.04048           0.68128          -0.02688              0.68000           0.00680       0.06740
         0.71903            0.03718           0.72097          -0.02058              0.72000           0.00830       0.05780
         0.75944            0.03319           0.76056          -0.01419              0.76000           0.00950       0.04740
         0.79993            0.02850           0.80007          -0.00810              0.80000           0.01020       0.03660
         0.84035            0.02310           0.83965          -0.00350              0.84000           0.00980       0.02660
         0.88056            0.01688           0.87944          -0.00068              0.88000           0.00810       0.01760
         0.92060            0.01007           0.91940          -0.00067              0.92000           0.00470       0.01080
         0.96020            0.00249           0.95980          -0.00419              0.96000          -0.00085       0.00670
         1.00000            0.00000           1.00000           0.00000              1.00000           0.00000       0.00000
1                             AUTOMATED STABILITY AND CONTROL METHODS PER APRIL 1976 VERSION OF DATCOM   
                                                   HORIZONTAL TAIL SECTION DEFINITION
0                                 IDEAL ANGLE OF ATTACK =   0.00385 DEG.

                              ZERO LIFT ANGLE OF ATTACK =  -0.15924 DEG.

                                 IDEAL LIFT COEFFICIENT =   0.01788

                  ZERO LIFT PITCHING MOMENT COEFFICIENT =  -0.01197

                             MACH ZERO LIFT-CURVE-SLOPE =   0.10378 /DEG.

                                    LEADING EDGE RADIUS =   0.01544 FRACTION CHORD

                              MAXIMUM AIRFOIL THICKNESS =   0.09960 FRACTION CHORD

                                                DELTA-Y =   2.47500 PERCENT CHORD


0                         MACH= 0.2000 LIFT-CURVE-SLOPE =   0.10559 /DEG.      XAC =   0.25395
0                         MACH= 0.6000 LIFT-CURVE-SLOPE =   0.12588 /DEG.      XAC =   0.25703
1                             AUTOMATED STABILITY AND CONTROL METHODS PER APRIL 1976 VERSION OF DATCOM   
                                                    VERTICAL TAIL SECTION DEFINITION
0                                 IDEAL ANGLE OF ATTACK =   0.00000 DEG.

                              ZERO LIFT ANGLE OF ATTACK =   0.00000 DEG.

                                 IDEAL LIFT COEFFICIENT =   0.00000

                  ZERO LIFT PITCHING MOMENT COEFFICIENT =   0.00000

                             MACH ZERO LIFT-CURVE-SLOPE =   0.09830 /DEG.

                                    LEADING EDGE RADIUS =   0.00893 FRACTION CHORD

                              MAXIMUM AIRFOIL THICKNESS =   0.09000 FRACTION CHORD

                                                DELTA-Y =   2.37673 PERCENT CHORD


0                         MACH= 0.2000 LIFT-CURVE-SLOPE =   0.10007 /DEG.      XAC =   0.25672
0                         MACH= 0.6000 LIFT-CURVE-SLOPE =   0.12012 /DEG.      XAC =   0.25923
1                               AUTOMATED STABILITY AND CONTROL METHODS PER APRIL 1976 VERSION OF DATCOM
                                         CHARACTERISTICS AT ANGLE OF ATTACK AND IN SIDESLIP
                                        WING-BODY-VERTICAL TAIL-HORIZONTAL TAIL CONFIGURATION
                                                       CERES NASA TN D-5857
 
 -----------------------  FLIGHT CONDITIONS  ------------------------           --------------  REFERENCE DIMENSIONS  ------------
  MACH    ALTITUDE   VELOCITY    PRESSURE    TEMPERATURE     REYNOLDS             REF.      REFERENCE LENGTH   MOMENT REF. CENTER
 NUMBER                                                       NUMBER              AREA       LONG.     LAT.     HORIZ      VERT
             FT       FT/SEC     LB/FT**2       DEG R         1/FT               FT**2        FT        FT        FT        FT
0 0.200       0.00     223.27   2.1162E+03     518.670     1.4136E+06         11945.820     31.820   394.080   154.290     9.010
0                                                               -------------------DERIVATIVE (PER DEGREE)-------------------
0 ALPHA     CD       CL       CM       CN       CA       XCP        CLA          CMA          CYB          CNB          CLB
0
   -4.0    0.022   -0.613    0.9119  -0.613   -0.020   -1.488    9.163E-02   -1.463E-01   -8.115E-03    1.002E-03    1.482E-03
   -2.0    0.016   -0.427    0.6183  -0.428    0.002   -1.445    9.432E-02   -1.491E-01                              1.017E-03
    0.0    0.013   -0.236    0.3156  -0.236    0.013   -1.340    9.695E-02   -1.527E-01                              5.335E-04
    2.0    0.011   -0.040    0.0075  -0.039    0.013   -0.192    9.815E-02   -1.536E-01                              3.663E-05
    4.0    0.012    0.157   -0.2986   0.157    0.001   -1.897    9.707E-02   -1.507E-01                             -4.638E-04
    6.0    0.016    0.349   -0.5953   0.348   -0.021   -1.709    9.405E-02   -1.455E-01                             -9.520E-04
    8.0    0.022    0.533   -0.8806   0.531   -0.053   -1.658    8.993E-02   -1.388E-01                             -1.422E-03
   10.0    0.029    0.708   -1.1504   0.703   -0.094   -1.637    8.471E-02   -1.310E-01                             -1.867E-03
   12.0    0.039    0.872   -1.4047   0.861   -0.144   -1.631    7.894E-02   -1.232E-01                             -2.280E-03
0                                    ALPHA     Q/QINF    EPSLON  D(EPSLON)/D(ALPHA)
0
                                     -4.0      1.000     -1.590        0.223
                                     -2.0      1.000     -1.145        0.228
                                      0.0      1.000     -0.678        0.238
                                      2.0      1.000     -0.192        0.247
                                      4.0      1.000      0.311        0.251
                                      6.0      1.000      0.814        0.250
                                      8.0      1.000      1.310        0.246
                                     10.0      1.000      1.799        0.242
                                     12.0      1.000      2.278        0.239
1                               AUTOMATED STABILITY AND CONTROL METHODS PER APRIL 1976 VERSION OF DATCOM
                                                         DYNAMIC DERIVATIVES
                                        WING-BODY-VERTICAL TAIL-HORIZONTAL TAIL CONFIGURATION
                                                       CERES NASA TN D-5857
 
 -----------------------  FLIGHT CONDITIONS  ------------------------           --------------  REFERENCE DIMENSIONS  ------------
  MACH    ALTITUDE   VELOCITY    PRESSURE    TEMPERATURE     REYNOLDS             REF.      REFERENCE LENGTH   MOMENT REF. CENTER
 NUMBER                                                       NUMBER              AREA       LONG.     LAT.     HORIZ      VERT
             FT       FT/SEC     LB/FT**2       DEG R         1/FT               FT**2        FT        FT        FT        FT
0 0.200       0.00     223.27   2.1162E+03     518.670     1.4136E+06         11945.820     31.820   394.080   154.290     9.010
                                                    DYNAMIC DERIVATIVES (PER DEGREE)
0           -------PITCHING-------    -----ACCELERATION------    --------------ROLLING--------------    --------YAWING--------
0   ALPHA       CLQ          CMQ           CLAD         CMAD         CLP          CYP          CNP          CNR          CLR
0
    -4.00    4.444E-01   -1.643E+00     3.919E-02   -2.513E-01   -7.756E-03   -1.317E-03    1.337E-03   -8.128E-04   -3.015E-03
    -2.00                               4.007E-02   -2.570E-01   -8.035E-03   -7.781E-04    9.172E-04   -9.442E-04   -2.241E-03
     0.00                               4.187E-02   -2.685E-01   -8.276E-03   -2.198E-04    4.805E-04   -1.036E-03   -1.435E-03
     2.00                               4.347E-02   -2.788E-01   -8.410E-03    3.490E-04    3.666E-05   -1.082E-03   -6.087E-04
     4.00                               4.419E-02   -2.834E-01   -8.355E-03    9.218E-04   -4.100E-04   -1.081E-03    2.255E-04
     6.00                               4.391E-02   -2.816E-01   -8.128E-03    1.486E-03   -8.499E-04   -1.032E-03    1.041E-03
     8.00                               4.330E-02   -2.777E-01   -7.813E-03    2.035E-03   -1.280E-03   -9.415E-04    1.826E-03
    10.00                               4.251E-02   -2.726E-01   -7.429E-03    2.566E-03   -1.697E-03   -8.142E-04    2.573E-03
    12.00                               4.203E-02   -2.695E-01   -7.020E-03    3.072E-03   -2.093E-03   -6.575E-04    3.275E-03
0*** VEHICLE WEIGHT = 223282.05 LB.
0*** LEVEL FLIGHT LIFT COEFFICIENT = 0.31544
1                               AUTOMATED STABILITY AND CONTROL METHODS PER APRIL 1976 VERSION OF DATCOM
                                         CHARACTERISTICS AT ANGLE OF ATTACK AND IN SIDESLIP
                                        WING-BODY-VERTICAL TAIL-HORIZONTAL TAIL CONFIGURATION
                                                       CERES NASA TN D-5857
 
 -----------------------  FLIGHT CONDITIONS  ------------------------           --------------  REFERENCE DIMENSIONS  ------------
  MACH    ALTITUDE   VELOCITY    PRESSURE    TEMPERATURE     REYNOLDS             REF.      REFERENCE LENGTH   MOMENT REF. CENTER
 NUMBER                                                       NUMBER              AREA       LONG.     LAT.     HORIZ      VERT
             FT       FT/SEC     LB/FT**2       DEG R         1/FT               FT**2        FT        FT        FT        FT
0 0.600   65617.00     580.78   1.1548E+02     389.970     3.3591E+05         11945.820     31.820   394.080   154.290     9.010
0                                                               -------------------DERIVATIVE (PER DEGREE)-------------------
0 ALPHA     CD       CL       CM       CN       CA       XCP        CLA          CMA          CYB          CNB          CLB
0
   -4.0    0.027   -0.649    0.9763  -0.649   -0.018   -1.503    9.099E-02   -1.510E-01   -8.239E-03    1.081E-03    2.002E-03
   -2.0    0.021   -0.461    0.6729  -0.462    0.005   -1.458    9.780E-02   -1.569E-01                              1.425E-03
    0.0    0.017   -0.258    0.3487  -0.258    0.017   -1.352    1.041E-01   -1.650E-01                              7.925E-04
    2.0    0.015   -0.045    0.0128  -0.044    0.016   -0.289    1.071E-01   -1.670E-01                              1.228E-04
    4.0    0.016    0.170   -0.3192   0.171    0.004   -1.865    1.054E-01   -1.620E-01                             -5.577E-04
    6.0    0.020    0.377   -0.6351   0.377   -0.020   -1.685    9.977E-02   -1.527E-01                             -1.211E-03
    8.0    0.026    0.570   -0.9301   0.568   -0.054   -1.639    9.204E-02   -1.409E-01                             -1.817E-03
   10.0    0.034    0.745   -1.1987   0.740   -0.096   -1.621    8.090E-02   -1.250E-01                             -2.367E-03
   12.0    0.043    0.893   -1.4300   0.882   -0.144   -1.620    6.712E-02   -1.063E-01                             -2.822E-03
0                                    ALPHA     Q/QINF    EPSLON  D(EPSLON)/D(ALPHA)
0
                                     -4.0      1.000     -1.668        0.228
                                     -2.0      1.000     -1.213        0.235
                                      0.0      1.000     -0.727        0.252
                                      2.0      1.000     -0.207        0.266
                                      4.0      1.000      0.336        0.270
                                      6.0      1.000      0.874        0.263
                                      8.0      1.000      1.389        0.251
                                     10.0      1.000      1.880        0.235
                                     12.0      1.000      2.330        0.225
1                               AUTOMATED STABILITY AND CONTROL METHODS PER APRIL 1976 VERSION OF DATCOM
                                                         DYNAMIC DERIVATIVES
                                        WING-BODY-VERTICAL TAIL-HORIZONTAL TAIL CONFIGURATION
                                                       CERES NASA TN D-5857
 
 -----------------------  FLIGHT CONDITIONS  ------------------------           --------------  REFERENCE DIMENSIONS  ------------
  MACH    ALTITUDE   VELOCITY    PRESSURE    TEMPERATURE     REYNOLDS             REF.      REFERENCE LENGTH   MOMENT REF. CENTER
 NUMBER                                                       NUMBER              AREA       LONG.     LAT.     HORIZ      VERT
             FT       FT/SEC     LB/FT**2       DEG R         1/FT               FT**2        FT        FT        FT        FT
0 0.600   65617.00     580.78   1.1548E+02     389.970     3.3591E+05         11945.820     31.820   394.080   154.290     9.010
                                                    DYNAMIC DERIVATIVES (PER DEGREE)
0           -------PITCHING-------    -----ACCELERATION------    --------------ROLLING--------------    --------YAWING--------
0   ALPHA       CLQ          CMQ           CLAD         CMAD         CLP          CYP          CNP          CNR          CLR
0
    -4.00    4.908E-01   -1.786E+00     4.394E-02   -2.819E-01   -7.879E-03   -1.318E-03    1.377E-03   -8.292E-04   -3.632E-03
    -2.00                               4.546E-02   -2.917E-01   -8.624E-03   -7.809E-04    9.602E-04   -9.710E-04   -2.731E-03
     0.00                               4.858E-02   -3.116E-01   -9.248E-03   -2.003E-04    5.078E-04   -1.076E-03   -1.743E-03
     2.00                               5.130E-02   -3.291E-01   -9.583E-03    4.036E-04    4.074E-05   -1.131E-03   -6.959E-04
     4.00                               5.217E-02   -3.347E-01   -9.494E-03    1.016E-03   -4.316E-04   -1.128E-03    3.711E-04
     6.00                               5.080E-02   -3.259E-01   -9.010E-03    1.612E-03   -8.922E-04   -1.069E-03    1.398E-03
     8.00                               4.855E-02   -3.114E-01   -8.329E-03    2.178E-03   -1.333E-03   -9.650E-04    2.352E-03
    10.00                               4.543E-02   -2.914E-01   -7.351E-03    2.710E-03   -1.751E-03   -8.275E-04    3.219E-03
    12.00                               4.344E-02   -2.787E-01   -6.137E-03    3.174E-03   -2.115E-03   -6.792E-04    3.943E-03
0*** VEHICLE WEIGHT = 223282.05 LB.
0*** LEVEL FLIGHT LIFT COEFFICIENT = 0.64231
1          THE FOLLOWING IS A LIST OF ALL INPUT CARDS FOR THIS CASE.
0
1 END OF JOB.
