  ****************************************************
  *    USAF STABILITY AND CONTROL  DIGITAL DATCOM    *
  *    PROGRAM REV. JAN 96   DIRECT INQUIRIES TO:    *
  *    WRIGHT LABORATORY  (WL/FIGC)  ATTN: W. BLAKE  *
  *      WRIGHT PATTERSON AFB, OHIO  45433           *
  *    PHONE (513) 255-6764,   FAX (513) 258-4054    *
  ****************************************************
1                         CONERR - INPUT ERROR CHECKING
0 ERROR CODES - N* DENOTES THE NUMBER OF OCCURENCES OF EACH ERROR
0 A - UNKNOWN VARIABLE NAME
0 B - MISSING EQUAL SIGN FOLLOWING VARIABLE NAME
0 C - NON-ARRAY VARIABLE HAS AN ARRAY ELEMENT DESIGNATION - (N)
0 D - NON-ARRAY VARIABLE HAS MULTIPLE VALUES ASSIGNED
0 E - ASSIGNED VALUES EXCEED ARRAY DIMENSION
0 F - SYNTAX ERROR

0******************************  INPUT DATA CARDS  ******************************

 CASEID CERES NASA TN D-5857                                                     
  $FLTCON NMACH=2.0,MACH(1)=0.2,0.6$                                             
  $FLTCON NALT=2.0,ALT(1)=0.0,65617.0$                                           
  $FLTCON NALPHA=6.0,ALSCHD=-4.0,-2.0,0.0,2.0,4.0,6.0,                           
   GAMMA=0.0,WT=165289.0,LOOP=1.0$                                               
  $OPTINS SREF=3845.7,CBARR=16.3,BLREF=248.0$                                    
  $SYNTHS XCG=48.7,ZCG=1.2,XW=17.8,ZW=2.9,ALIW=0.0,XH=73.5,                      
   ZH=23.8,ALIH=0.0,XV=67.7,ZV=0.0,VERTUP=.TRUE.$                                
  $BODY NX=4.0,ITYPE=1.0,                                                        
   X=0.,9.7,71.5,87.,                                                            
   ZU=0.,2.9,2.9,2.9,                                                            
   ZL=0.,-2.9,-2.9,2.6,                                                          
   S=0.,47.,47.,0.3,                                                             
   P=0.,32.1,32.1,2.1,                                                           
   R=0.,5.1,5.1,0.3$                                                             
  $WGSCHR TYPEIN=1.0, NPTS=31.0,                                                 
  XCORD= 0.0, 0.002, 0.005, 0.01, 0.02, 0.03, 0.04,                              
  0.08, 0.12, 0.16, 0.2, 0.24, 0.28,                                             
  0.32, 0.36, 0.4, 0.44, 0.48, 0.52,                                             
  0.56, 0.6, 0.64, 0.68, 0.72, 0.76,                                             
  0.8, 0.84, 0.88, 0.92, 0.96, 1.,                                               
  YUPPER= 0.0, 0.0092, 0.0141, 0.019, 0.0252,                                    
  0.0294, 0.0327, 0.0415, 0.0471,                                                
  0.0513, 0.0544, 0.0567, 0.0584,                                                
  0.0594, 0.06, 0.0601, 0.0598,                                                  
  0.059, 0.0577, 0.0559, 0.0537,                                                 
  0.0508, 0.0472, 0.0428, 0.0376,                                                
  0.0316, 0.0248, 0.0172, 0.0088,                                                
  -0.0007, -0.0117,                                                              
  YLOWER= 0.0, -0.0092, -0.0141, -0.019, -0.0252,                                
  -0.0294, -0.0327, -0.0414, -0.0472,                                            
  -0.0514, -0.0546, -0.0569, -0.0585,                                            
  -0.0595, -0.0598, -0.0596, -0.0586,                                            
  -0.0567, -0.0537, -0.0496, -0.0443,                                            
  -0.0382, -0.0315, -0.0244, -0.0174,                                            
  -0.011, -0.0059, -0.0035, -0.0041,                                             
  -0.0087, -0.0177$                                                              
  $WGPLNF CHRDR=21.5,CHRDTP=9.5,SSPN=124.0,SSPNE=111.60000000000001,             
   SAVSI=28.2,CHSTAT=0.0,TWISTA=-3.0,DHDADI=-2.0,TYPE=1.0$                       
 NACA-H-4-0010                                                                   
  $HTPLNF CHRDR=16.5,CHRDTP=5.7,SSPN=46.1,SSPNE=41.49,                           
   SAVSI=33.3,CHSTAT=0.25,TWISTA=0.0,DHDADI=0.0,TYPE=1.0$                        
 NACA-V-4-0009                                                                   
  $VTPLNF CHRDR=20.3,CHRDTP=6.3,SSPN=23.8,SSPNE=21.42,                           
   SAVSI=39.0,CHSTAT=0.25,TYPE=1.0$                                              
 DAMP                                                                            
 NEXT CASE                                                                       
1          THE FOLLOWING IS A LIST OF ALL INPUT CARDS FOR THIS CASE.
0
 CASEID CERES NASA TN D-5857                                                     
  $FLTCON NMACH=2.0,MACH(1)=0.2,0.6$                                             
  $FLTCON NALT=2.0,ALT(1)=0.0,65617.0$                                           
  $FLTCON NALPHA=6.0,ALSCHD=-4.0,-2.0,0.0,2.0,4.0,6.0,                           
   GAMMA=0.0,WT=165289.0,LOOP=1.0$                                               
  $OPTINS SREF=3845.7,CBARR=16.3,BLREF=248.0$                                    
  $SYNTHS XCG=48.7,ZCG=1.2,XW=17.8,ZW=2.9,ALIW=0.0,XH=73.5,                      
   ZH=23.8,ALIH=0.0,XV=67.7,ZV=0.0,VERTUP=.TRUE.$                                
  $BODY NX=4.0,ITYPE=1.0,                                                        
   X=0.,9.7,71.5,87.,                                                            
   ZU=0.,2.9,2.9,2.9,                                                            
   ZL=0.,-2.9,-2.9,2.6,                                                          
   S=0.,47.,47.,0.3,                                                             
   P=0.,32.1,32.1,2.1,                                                           
   R=0.,5.1,5.1,0.3$                                                             
  $WGSCHR TYPEIN=1.0, NPTS=31.0,                                                 
  XCORD= 0.0, 0.002, 0.005, 0.01, 0.02, 0.03, 0.04,                              
  0.08, 0.12, 0.16, 0.2, 0.24, 0.28,                                             
  0.32, 0.36, 0.4, 0.44, 0.48, 0.52,                                             
  0.56, 0.6, 0.64, 0.68, 0.72, 0.76,                                             
  0.8, 0.84, 0.88, 0.92, 0.96, 1.,                                               
  YUPPER= 0.0, 0.0092, 0.0141, 0.019, 0.0252,                                    
  0.0294, 0.0327, 0.0415, 0.0471,                                                
  0.0513, 0.0544, 0.0567, 0.0584,                                                
  0.0594, 0.06, 0.0601, 0.0598,                                                  
  0.059, 0.0577, 0.0559, 0.0537,                                                 
  0.0508, 0.0472, 0.0428, 0.0376,                                                
  0.0316, 0.0248, 0.0172, 0.0088,                                                
  -0.0007, -0.0117,                                                              
  YLOWER= 0.0, -0.0092, -0.0141, -0.019, -0.0252,                                
  -0.0294, -0.0327, -0.0414, -0.0472,                                            
  -0.0514, -0.0546, -0.0569, -0.0585,                                            
  -0.0595, -0.0598, -0.0596, -0.0586,                                            
  -0.0567, -0.0537, -0.0496, -0.0443,                                            
  -0.0382, -0.0315, -0.0244, -0.0174,                                            
  -0.011, -0.0059, -0.0035, -0.0041,                                             
  -0.0087, -0.0177$                                                              
  $WGPLNF CHRDR=21.5,CHRDTP=9.5,SSPN=124.0,SSPNE=111.60000000000001,             
   SAVSI=28.2,CHSTAT=0.0,TWISTA=-3.0,DHDADI=-2.0,TYPE=1.0$                       
 NACA-H-4-0010                                                                   
  $HTPLNF CHRDR=16.5,CHRDTP=5.7,SSPN=46.1,SSPNE=41.49,                           
   SAVSI=33.3,CHSTAT=0.25,TWISTA=0.0,DHDADI=0.0,TYPE=1.0$                        
 NACA-V-4-0009                                                                   
  $VTPLNF CHRDR=20.3,CHRDTP=6.3,SSPN=23.8,SSPNE=21.42,                           
   SAVSI=39.0,CHSTAT=0.25,TYPE=1.0$                                              
 DAMP                                                                            
 NEXT CASE                                                                       
0 INPUT DIMENSIONS ARE IN FT, SCALE FACTOR IS 1.0000

1                             AUTOMATED STABILITY AND CONTROL METHODS PER APRIL 1976 VERSION OF DATCOM   
                                                        USER DEFINED WING SECTION
     UPPER ABSCISSA     UPPER ORDINATE     LOWER ABSCISSA     LOWER ORDINATE      X-FRACTION CHORD    MEAN LINE    THICKNESS
         0.00000            0.00000           0.00000           0.00000              0.00000           0.00000       0.00000
         0.00200            0.00920           0.00200          -0.00920              0.00200           0.00000       0.01840
         0.00500            0.01410           0.00500          -0.01410              0.00500           0.00000       0.02820
         0.01000            0.01900           0.01000          -0.01900              0.01000           0.00000       0.03800
         0.02000            0.02520           0.02000          -0.02520              0.02000           0.00000       0.05040
         0.03000            0.02940           0.03000          -0.02940              0.03000           0.00000       0.05880
         0.03999            0.03270           0.04001          -0.03270              0.04000           0.00000       0.06540
         0.08003            0.04150           0.07997          -0.04140              0.08000           0.00005       0.08290
         0.12006            0.04710           0.11994          -0.04720              0.12000          -0.00005       0.09430
         0.16003            0.05130           0.15997          -0.05140              0.16000          -0.00005       0.10270
         0.20003            0.05440           0.19997          -0.05460              0.20000          -0.00010       0.10900
         0.23996            0.05670           0.24004          -0.05690              0.24000          -0.00010       0.11360
         0.27996            0.05840           0.28004          -0.05850              0.28000          -0.00005       0.11690
         0.31989            0.05940           0.32011          -0.05950              0.32000          -0.00005       0.11890
         0.35978            0.06000           0.36022          -0.05980              0.36000           0.00010       0.11980
         0.39963            0.06010           0.40037          -0.05960              0.40000           0.00025       0.11970
         0.43933            0.05980           0.44067          -0.05860              0.44000           0.00060       0.11840
         0.47899            0.05899           0.48101          -0.05669              0.48000           0.00115       0.11570
         0.51861            0.05768           0.52139          -0.05368              0.52000           0.00200       0.11140
         0.55822            0.05587           0.56178          -0.04957              0.56000           0.00315       0.10550
         0.59807            0.05366           0.60193          -0.04426              0.60000           0.00470       0.09800
         0.63825            0.05077           0.64175          -0.03817              0.64000           0.00630       0.08900
         0.67857            0.04717           0.68143          -0.03147              0.68000           0.00785       0.07870
         0.71906            0.04279           0.72094          -0.02439              0.72000           0.00920       0.06720
         0.75962            0.03760           0.76038          -0.01740              0.76000           0.01010       0.05500
         0.80017            0.03160           0.79983          -0.01100              0.80000           0.01030       0.04260
         0.84066            0.02479           0.83934          -0.00589              0.84000           0.00945       0.03070
         0.88091            0.01716           0.87909          -0.00346              0.88000           0.00685       0.02070
         0.92092            0.00873           0.91908          -0.00403              0.92000           0.00235       0.01290
         0.96012           -0.00070           0.95988          -0.00870              0.96000          -0.00470       0.00800
         1.00000            0.00000           1.00000           0.00000              1.00000           0.00000       0.00000
1                             AUTOMATED STABILITY AND CONTROL METHODS PER APRIL 1976 VERSION OF DATCOM   
                                                        WING SECTION DEFINITION
0                                 IDEAL ANGLE OF ATTACK =   0.62873 DEG.

                              ZERO LIFT ANGLE OF ATTACK =   0.97322 DEG.

                                 IDEAL LIFT COEFFICIENT =  -0.05182

                  ZERO LIFT PITCHING MOMENT COEFFICIENT =   0.02302

                             MACH ZERO LIFT-CURVE-SLOPE =   0.10374 /DEG.

                                    LEADING EDGE RADIUS =   0.02216 FRACTION CHORD

                              MAXIMUM AIRFOIL THICKNESS =   0.11980 FRACTION CHORD

                                                DELTA-Y =   3.01750 PERCENT CHORD


0                         MACH= 0.2000 LIFT-CURVE-SLOPE =   0.10544 /DEG.      XAC =   0.25409
0                         MACH= 0.6000 LIFT-CURVE-SLOPE =   0.12467 /DEG.      XAC =   0.25814
1                             AUTOMATED STABILITY AND CONTROL METHODS PER APRIL 1976 VERSION OF DATCOM   
                                                   HORIZONTAL TAIL SECTION DEFINITION
0                                 IDEAL ANGLE OF ATTACK =   0.00000 DEG.

                              ZERO LIFT ANGLE OF ATTACK =   0.00000 DEG.

                                 IDEAL LIFT COEFFICIENT =   0.00000

                  ZERO LIFT PITCHING MOMENT COEFFICIENT =   0.00000

                             MACH ZERO LIFT-CURVE-SLOPE =   0.09755 /DEG.

                                    LEADING EDGE RADIUS =   0.01102 FRACTION CHORD

                              MAXIMUM AIRFOIL THICKNESS =   0.10000 FRACTION CHORD

                                                DELTA-Y =   2.64081 PERCENT CHORD


0                         MACH= 0.2000 LIFT-CURVE-SLOPE =   0.09928 /DEG.      XAC =   0.25741
0                         MACH= 0.6000 LIFT-CURVE-SLOPE =   0.11892 /DEG.      XAC =   0.26010
1                             AUTOMATED STABILITY AND CONTROL METHODS PER APRIL 1976 VERSION OF DATCOM   
                                                    VERTICAL TAIL SECTION DEFINITION
0                                 IDEAL ANGLE OF ATTACK =   0.00000 DEG.

                              ZERO LIFT ANGLE OF ATTACK =   0.00000 DEG.

                                 IDEAL LIFT COEFFICIENT =   0.00000

                  ZERO LIFT PITCHING MOMENT COEFFICIENT =   0.00000

                             MACH ZERO LIFT-CURVE-SLOPE =   0.09830 /DEG.

                                    LEADING EDGE RADIUS =   0.00893 FRACTION CHORD

                              MAXIMUM AIRFOIL THICKNESS =   0.09000 FRACTION CHORD

                                                DELTA-Y =   2.37673 PERCENT CHORD


0                         MACH= 0.2000 LIFT-CURVE-SLOPE =   0.10007 /DEG.      XAC =   0.25672
0                         MACH= 0.6000 LIFT-CURVE-SLOPE =   0.12012 /DEG.      XAC =   0.25923
1                               AUTOMATED STABILITY AND CONTROL METHODS PER APRIL 1976 VERSION OF DATCOM
                                         CHARACTERISTICS AT ANGLE OF ATTACK AND IN SIDESLIP
                                        WING-BODY-VERTICAL TAIL-HORIZONTAL TAIL CONFIGURATION
                                                       CERES NASA TN D-5857
 
 -----------------------  FLIGHT CONDITIONS  ------------------------           --------------  REFERENCE DIMENSIONS  ------------
  MACH    ALTITUDE   VELOCITY    PRESSURE    TEMPERATURE     REYNOLDS             REF.      REFERENCE LENGTH   MOMENT REF. CENTER
 NUMBER                                                       NUMBER              AREA       LONG.     LAT.     HORIZ      VERT
             FT       FT/SEC     LB/FT**2       DEG R         1/FT               FT**2        FT        FT        FT        FT
0 0.200       0.00     223.27   2.1162E+03     518.670     1.4136E+06          3845.700     16.300   248.000    48.700     1.200
0                                                               -------------------DERIVATIVE (PER DEGREE)-------------------
0 ALPHA     CD       CL       CM       CN       CA       XCP        CLA          CMA          CYB          CNB          CLB
0
   -4.0    0.027   -0.882    0.3826  -0.882   -0.035   -0.434    1.734E-01   -6.886E-02   -4.539E-03    4.377E-04    3.512E-03
   -2.0    0.016   -0.547    0.2433  -0.547   -0.003   -0.445    1.627E-01   -6.938E-02                              2.320E-03
    0.0    0.010   -0.231    0.1051  -0.231    0.010   -0.454    1.426E-01   -6.636E-02                              1.207E-03
    2.0    0.009    0.024   -0.0221   0.024    0.008   -0.923    1.241E-01   -6.318E-02                              3.248E-04
    4.0    0.011    0.265   -0.1476   0.265   -0.008   -0.557    1.364E-01   -6.626E-02                             -5.051E-04
    6.0    0.016    0.569   -0.2872   0.568   -0.043   -0.506    1.680E-01   -7.332E-02                             -1.580E-03
0                                    ALPHA     Q/QINF    EPSLON  D(EPSLON)/D(ALPHA)
0
                                     -4.0      1.000     -2.179        0.382
                                     -2.0      1.000     -1.414        0.370
                                      0.0      1.000     -0.701        0.341
                                      2.0      1.000     -0.050        0.316
                                      4.0      1.000      0.564        0.332
                                      6.0      1.000      1.276        0.356
1                               AUTOMATED STABILITY AND CONTROL METHODS PER APRIL 1976 VERSION OF DATCOM
                                                         DYNAMIC DERIVATIVES
                                        WING-BODY-VERTICAL TAIL-HORIZONTAL TAIL CONFIGURATION
                                                       CERES NASA TN D-5857
 
 -----------------------  FLIGHT CONDITIONS  ------------------------           --------------  REFERENCE DIMENSIONS  ------------
  MACH    ALTITUDE   VELOCITY    PRESSURE    TEMPERATURE     REYNOLDS             REF.      REFERENCE LENGTH   MOMENT REF. CENTER
 NUMBER                                                       NUMBER              AREA       LONG.     LAT.     HORIZ      VERT
             FT       FT/SEC     LB/FT**2       DEG R         1/FT               FT**2        FT        FT        FT        FT
0 0.200       0.00     223.27   2.1162E+03     518.670     1.4136E+06          3845.700     16.300   248.000    48.700     1.200
                                                    DYNAMIC DERIVATIVES (PER DEGREE)
0           -------PITCHING-------    -----ACCELERATION------    --------------ROLLING--------------    --------YAWING--------
0   ALPHA       CLQ          CMQ           CLAD         CMAD         CLP          CYP          CNP          CNR          CLR
0
    -4.00    2.118E-01   -3.980E-01     3.927E-02   -1.050E-01   -1.240E-02   -1.416E-03    1.490E-03   -1.347E-04   -4.555E-03
    -2.00                               3.796E-02   -1.015E-01   -1.155E-02   -5.665E-04    9.201E-04   -1.509E-04   -2.969E-03
     0.00                               3.503E-02   -9.364E-02   -9.961E-03    2.288E-04    3.871E-04   -1.598E-04   -1.494E-03
     2.00                               3.247E-02   -8.680E-02   -8.535E-03    8.741E-04   -4.982E-05   -1.629E-04   -3.312E-04
     4.00                               3.406E-02   -9.104E-02   -9.518E-03    1.488E-03   -4.682E-04   -1.624E-04    7.620E-04
     6.00                               3.658E-02   -9.780E-02   -1.201E-02    2.279E-03   -1.005E-03   -1.560E-04    2.190E-03
0*** VEHICLE WEIGHT = 165289.00 LB.
0*** LEVEL FLIGHT LIFT COEFFICIENT = 0.72535
1                               AUTOMATED STABILITY AND CONTROL METHODS PER APRIL 1976 VERSION OF DATCOM
                                         CHARACTERISTICS AT ANGLE OF ATTACK AND IN SIDESLIP
                                        WING-BODY-VERTICAL TAIL-HORIZONTAL TAIL CONFIGURATION
                                                       CERES NASA TN D-5857
 
 -----------------------  FLIGHT CONDITIONS  ------------------------           --------------  REFERENCE DIMENSIONS  ------------
  MACH    ALTITUDE   VELOCITY    PRESSURE    TEMPERATURE     REYNOLDS             REF.      REFERENCE LENGTH   MOMENT REF. CENTER
 NUMBER                                                       NUMBER              AREA       LONG.     LAT.     HORIZ      VERT
             FT       FT/SEC     LB/FT**2       DEG R         1/FT               FT**2        FT        FT        FT        FT
0 0.600   65617.00     580.78   1.1548E+02     389.970     3.3591E+05          3845.700     16.300   248.000    48.700     1.200
0                                                               -------------------DERIVATIVE (PER DEGREE)-------------------
0 ALPHA     CD       CL       CM       CN       CA       XCP        CLA          CMA          CYB          CNB          CLB
0
   -4.0    0.038   -1.052    0.4329  -1.052   -0.036   -0.411    2.106E-01   -7.924E-02   -4.770E-03    4.712E-04    5.222E-03
   -2.0    0.022   -0.648    0.2747  -0.649   -0.001   -0.423    1.940E-01   -7.821E-02                              3.392E-03
    0.0    0.014   -0.276    0.1200  -0.276    0.014   -0.435    1.683E-01   -7.406E-02                              1.717E-03
    2.0    0.013    0.025   -0.0216   0.026    0.012   -0.844    1.456E-01   -6.961E-02                              3.863E-04
    4.0    0.015    0.306   -0.1584   0.306   -0.007   -0.517    1.606E-01   -6.724E-02                             -8.493E-04
    6.0    0.023    0.668     NA      0.666   -0.047    NA       2.008E-01      NA                                  -2.479E-03
0                                    ALPHA     Q/QINF    EPSLON  D(EPSLON)/D(ALPHA)
0
                                     -4.0      1.000     -2.478        0.439
                                     -2.0      1.000     -1.600        0.422
                                      0.0      1.000     -0.788        0.386
                                      2.0      1.000     -0.056        0.354
                                      4.0      1.000      0.629        0.374
                                      6.0      1.000      1.439        0.405
0*** NA PRINTED WHEN METHOD NOT APPLICABLE
1                               AUTOMATED STABILITY AND CONTROL METHODS PER APRIL 1976 VERSION OF DATCOM
                                                         DYNAMIC DERIVATIVES
                                        WING-BODY-VERTICAL TAIL-HORIZONTAL TAIL CONFIGURATION
                                                       CERES NASA TN D-5857
 
 -----------------------  FLIGHT CONDITIONS  ------------------------           --------------  REFERENCE DIMENSIONS  ------------
  MACH    ALTITUDE   VELOCITY    PRESSURE    TEMPERATURE     REYNOLDS             REF.      REFERENCE LENGTH   MOMENT REF. CENTER
 NUMBER                                                       NUMBER              AREA       LONG.     LAT.     HORIZ      VERT
             FT       FT/SEC     LB/FT**2       DEG R         1/FT               FT**2        FT        FT        FT        FT
0 0.600   65617.00     580.78   1.1548E+02     389.970     3.3591E+05          3845.700     16.300   248.000    48.700     1.200
                                                    DYNAMIC DERIVATIVES (PER DEGREE)
0           -------PITCHING-------    -----ACCELERATION------    --------------ROLLING--------------    --------YAWING--------
0   ALPHA       CLQ          CMQ           CLAD         CMAD         CLP          CYP          CNP          CNR          CLR
0
    -4.00    2.348E-01   -4.414E-01     4.952E-02   -1.325E-01   -1.467E-02   -1.635E-03    1.677E-03   -1.416E-04   -6.233E-03
    -2.00                               4.766E-02   -1.275E-01   -1.341E-02   -6.470E-04    1.034E-03   -1.668E-04   -4.000E-03
     0.00                               4.354E-02   -1.165E-01   -1.146E-02    2.604E-04    4.424E-04   -1.800E-04   -1.962E-03
     2.00                               3.997E-02   -1.069E-01   -9.772E-03    1.003E-03   -5.123E-05   -1.841E-04   -3.516E-04
     4.00                               4.218E-02   -1.128E-01   -1.094E-02    1.702E-03   -5.200E-04   -1.825E-04    1.144E-03
     6.00                               4.571E-02   -1.223E-01   -1.400E-02    2.619E-03   -1.130E-03   -1.716E-04    3.132E-03
0*** VEHICLE WEIGHT = 165289.00 LB.
0*** LEVEL FLIGHT LIFT COEFFICIENT = 1.47699
1          THE FOLLOWING IS A LIST OF ALL INPUT CARDS FOR THIS CASE.
0
1 END OF JOB.
