  ****************************************************
  *    USAF STABILITY AND CONTROL  DIGITAL DATCOM    *
  *    PROGRAM REV. JAN 96   DIRECT INQUIRIES TO:    *
  *    WRIGHT LABORATORY  (WL/FIGC)  ATTN: W. BLAKE  *
  *      WRIGHT PATTERSON AFB, OHIO  45433           *
  *    PHONE (513) 255-6764,   FAX (513) 258-4054    *
  ****************************************************
1                         CONERR - INPUT ERROR CHECKING
0 ERROR CODES - N* DENOTES THE NUMBER OF OCCURENCES OF EACH ERROR
0 A - UNKNOWN VARIABLE NAME
0 B - MISSING EQUAL SIGN FOLLOWING VARIABLE NAME
0 C - NON-ARRAY VARIABLE HAS AN ARRAY ELEMENT DESIGNATION - (N)
0 D - NON-ARRAY VARIABLE HAS MULTIPLE VALUES ASSIGNED
0 E - ASSIGNED VALUES EXCEED ARRAY DIMENSION
0 F - SYNTAX ERROR

0******************************  INPUT DATA CARDS  ******************************

 CASEID CERES NASA TN D-5857                                                     
  $FLTCON NMACH=2.0,MACH(1)=0.2,0.8$                                             
  $FLTCON NALT=2.0,ALT(1)=0.0,65617.0$                                           
  $FLTCON NALPHA=12.0,ALSCHD=-4.0,-2.0,0.0,2.0,4.0,6.0,8.0,                      
   10.0,12.0,14.0,16.0,18.0,GAMMA=0.0,WT=109334.0,LOOP=2.0$                      
  $OPTINS SREF=3455.0,CBARR=16.3,BLREF=233.0$                                    
  $SYNTHS XCG=49.0,ZCG=-0.47,XW=42.6,ZW=-2.12,ALIW=0.0,XH=70.5,                  
   ZH=0.78,ALIH=0.0,XV=83.0,ZV=0.0,XVF=83.0,ZVF=1.25,VERTUP=.TRUE.$              
  $BODY NX=4.0,ITYPE=1.0,                                                        
   X=0.0,8.7,64.5,78.7,                                                          
   ZU=0.0,2.6,2.6,2.6,                                                           
   ZL=0.0,2.6,2.6,0.66,                                                          
   S=0.0,38.4,38.4,0.34,                                                         
   P=0.0,23.3,23.3,2.0,                                                          
   R=0.0,4.6,4.6,0.33$                                                           
 NACA-W-4-4415                                                                   
  $WGPLNF CHRDR=21.3,CHRDTP=9.5,SSPN=111.4,SSPNE=106.8,                          
   SAVSI=18.0,CHSTAT=0.25,TWISTA=-3.0,DHDADI=7.50,TYPE=1.0$                      
 NACA-H-4-0012                                                                   
  $HTPLNF CHRDR=22.96,CHRDTP=10.2,SSPN=32.2,SSPNE=30.0,                          
   SAVSI=28.2,CHSTAT=0.25,TWISTA=0.0,DHDADI=0.00,TYPE=1.0$                       
 NACA-V-4-0012                                                                   
  $VTPLNF CHRDR=26.9,CHRDTP=17.4,SSPN=31.5,SSPNE=28.0,                           
   SAVSI=40.2,CHSTAT=0.25,TYPE=1.0$                                              
 DAMP                                                                            
 NEXT CASE                                                                       
1          THE FOLLOWING IS A LIST OF ALL INPUT CARDS FOR THIS CASE.
0
 CASEID CERES NASA TN D-5857                                                     
  $FLTCON NMACH=2.0,MACH(1)=0.2,0.8$                                             
  $FLTCON NALT=2.0,ALT(1)=0.0,65617.0$                                           
  $FLTCON NALPHA=12.0,ALSCHD=-4.0,-2.0,0.0,2.0,4.0,6.0,8.0,                      
   10.0,12.0,14.0,16.0,18.0,GAMMA=0.0,WT=109334.0,LOOP=2.0$                      
  $OPTINS SREF=3455.0,CBARR=16.3,BLREF=233.0$                                    
  $SYNTHS XCG=49.0,ZCG=-0.47,XW=42.6,ZW=-2.12,ALIW=0.0,XH=70.5,                  
   ZH=0.78,ALIH=0.0,XV=83.0,ZV=0.0,XVF=83.0,ZVF=1.25,VERTUP=.TRUE.$              
  $BODY NX=4.0,ITYPE=1.0,                                                        
   X=0.0,8.7,64.5,78.7,                                                          
   ZU=0.0,2.6,2.6,2.6,                                                           
   ZL=0.0,2.6,2.6,0.66,                                                          
   S=0.0,38.4,38.4,0.34,                                                         
   P=0.0,23.3,23.3,2.0,                                                          
   R=0.0,4.6,4.6,0.33$                                                           
 NACA-W-4-4415                                                                   
  $WGPLNF CHRDR=21.3,CHRDTP=9.5,SSPN=111.4,SSPNE=106.8,                          
   SAVSI=18.0,CHSTAT=0.25,TWISTA=-3.0,DHDADI=7.50,TYPE=1.0$                      
 NACA-H-4-0012                                                                   
  $HTPLNF CHRDR=22.96,CHRDTP=10.2,SSPN=32.2,SSPNE=30.0,                          
   SAVSI=28.2,CHSTAT=0.25,TWISTA=0.0,DHDADI=0.00,TYPE=1.0$                       
 NACA-V-4-0012                                                                   
  $VTPLNF CHRDR=26.9,CHRDTP=17.4,SSPN=31.5,SSPNE=28.0,                           
   SAVSI=40.2,CHSTAT=0.25,TYPE=1.0$                                              
 DAMP                                                                            
 NEXT CASE                                                                       
0 INPUT DIMENSIONS ARE IN FT, SCALE FACTOR IS 1.0000

1                             AUTOMATED STABILITY AND CONTROL METHODS PER APRIL 1976 VERSION OF DATCOM   
                                                        WING SECTION DEFINITION
0                                 IDEAL ANGLE OF ATTACK =   0.51514 DEG.

                              ZERO LIFT ANGLE OF ATTACK =  -3.65531 DEG.

                                 IDEAL LIFT COEFFICIENT =   0.51204

                  ZERO LIFT PITCHING MOMENT COEFFICIENT =  -0.10050

                             MACH ZERO LIFT-CURVE-SLOPE =   0.09436 /DEG.

                                    LEADING EDGE RADIUS =   0.02479 FRACTION CHORD

                              MAXIMUM AIRFOIL THICKNESS =   0.15000 FRACTION CHORD

                                                DELTA-Y =   3.96122 PERCENT CHORD


0                         MACH= 0.2000 LIFT-CURVE-SLOPE =   0.09559 /DEG.      XAC =   0.25951
0                                    *** CREST CRITICAL MACH NUMBER EXCEEDED ***

                                    CREST CRITICAL MACH =   0.68356

                                               LOCATION =   0.40150 FRACTION CHORD

                                       LIFT-CURVE-SLOPE =   0.09475 /DEG.
1                             AUTOMATED STABILITY AND CONTROL METHODS PER APRIL 1976 VERSION OF DATCOM   
                                                   HORIZONTAL TAIL SECTION DEFINITION
0                                 IDEAL ANGLE OF ATTACK =   0.00000 DEG.

                              ZERO LIFT ANGLE OF ATTACK =   0.00000 DEG.

                                 IDEAL LIFT COEFFICIENT =   0.00000

                  ZERO LIFT PITCHING MOMENT COEFFICIENT =   0.00000

                             MACH ZERO LIFT-CURVE-SLOPE =   0.09596 /DEG.

                                    LEADING EDGE RADIUS =   0.01587 FRACTION CHORD

                              MAXIMUM AIRFOIL THICKNESS =   0.12000 FRACTION CHORD

                                                DELTA-Y =   3.16898 PERCENT CHORD


0                         MACH= 0.2000 LIFT-CURVE-SLOPE =   0.09761 /DEG.      XAC =   0.25880
0                                    *** CREST CRITICAL MACH NUMBER EXCEEDED ***

                                    CREST CRITICAL MACH =   0.73019

                                               LOCATION =   0.26314 FRACTION CHORD

                                       LIFT-CURVE-SLOPE =   0.10870 /DEG.
1                             AUTOMATED STABILITY AND CONTROL METHODS PER APRIL 1976 VERSION OF DATCOM   
                                                    VERTICAL TAIL SECTION DEFINITION
0                                 IDEAL ANGLE OF ATTACK =   0.00000 DEG.

                              ZERO LIFT ANGLE OF ATTACK =   0.00000 DEG.

                                 IDEAL LIFT COEFFICIENT =   0.00000

                  ZERO LIFT PITCHING MOMENT COEFFICIENT =   0.00000

                             MACH ZERO LIFT-CURVE-SLOPE =   0.09596 /DEG.

                                    LEADING EDGE RADIUS =   0.01587 FRACTION CHORD

                              MAXIMUM AIRFOIL THICKNESS =   0.12000 FRACTION CHORD

                                                DELTA-Y =   3.16898 PERCENT CHORD


0                         MACH= 0.2000 LIFT-CURVE-SLOPE =   0.09761 /DEG.      XAC =   0.25880
0                                    *** CREST CRITICAL MACH NUMBER EXCEEDED ***

                                    CREST CRITICAL MACH =   0.73019

                                               LOCATION =   0.26314 FRACTION CHORD

                                       LIFT-CURVE-SLOPE =   0.10870 /DEG.
1                               AUTOMATED STABILITY AND CONTROL METHODS PER APRIL 1976 VERSION OF DATCOM
                                         CHARACTERISTICS AT ANGLE OF ATTACK AND IN SIDESLIP
                                        WING-BODY-VERTICAL TAIL-HORIZONTAL TAIL CONFIGURATION
                                                       CERES NASA TN D-5857
 
 -----------------------  FLIGHT CONDITIONS  ------------------------           --------------  REFERENCE DIMENSIONS  ------------
  MACH    ALTITUDE   VELOCITY    PRESSURE    TEMPERATURE     REYNOLDS             REF.      REFERENCE LENGTH   MOMENT REF. CENTER
 NUMBER                                                       NUMBER              AREA       LONG.     LAT.     HORIZ      VERT
             FT       FT/SEC     LB/FT**2       DEG R         1/FT               FT**2        FT        FT        FT        FT
0 0.200       0.00     223.27   2.1162E+03     518.670     1.4136E+06          3455.000     16.300   233.000    49.000    -0.470
0                                                               -------------------DERIVATIVE (PER DEGREE)-------------------
0 ALPHA     CD       CL       CM       CN       CA       XCP        CLA          CMA          CYB          CNB          CLB
0
   -4.0    0.012   -0.196    0.2379  -0.197   -0.001   -1.209    9.584E-02   -1.044E-01   -1.285E-02    3.211E-03   -2.187E-03
   -2.0    0.010   -0.005    0.0323  -0.006    0.010   -5.677    9.521E-02   -1.018E-01                             -2.397E-03
    0.0    0.011    0.185   -0.1695   0.185    0.011   -0.919    9.454E-02   -1.003E-01                             -2.604E-03
    2.0    0.014    0.373   -0.3690   0.373    0.001   -0.989    9.355E-02   -9.925E-02                             -2.808E-03
    4.0    0.019    0.559   -0.5665   0.559   -0.020   -1.014    9.225E-02   -9.847E-02                             -3.009E-03
    6.0    0.026    0.742   -0.7629   0.740   -0.052   -1.030    8.979E-02   -9.563E-02                             -3.206E-03
    8.0    0.035    0.918   -0.9490   0.914   -0.093   -1.038    8.560E-02   -8.914E-02                             -3.396E-03
   10.0    0.046    1.084   -1.1195   1.076   -0.143   -1.041    8.574E-02   -9.279E-02                             -3.579E-03
   12.0    0.061    1.261   -1.3202   1.246   -0.203   -1.060    8.696E-02   -9.968E-02                             -3.753E-03
   14.0    0.078    1.432   -1.5182   1.408   -0.270   -1.078    8.225E-02   -9.433E-02                             -3.916E-03
   16.0    0.097    1.590   -1.6975   1.555   -0.345   -1.092    6.532E-02   -7.746E-02                             -4.064E-03
   18.0    0.115    1.693   -1.8280   1.646   -0.414   -1.111    3.818E-02   -5.306E-02                             -4.113E-03
0                                    ALPHA     Q/QINF    EPSLON  D(EPSLON)/D(ALPHA)
0
                                     -4.0      1.000     -0.613        0.394
                                     -2.0      1.000      0.175        0.394
                                      0.0      1.000      0.962        0.393
                                      2.0      1.000      1.749        0.392
                                      4.0      1.000      2.530        0.389
                                      6.0      1.000      3.307        0.386
                                      8.0      0.955      4.076        0.382
                                     10.0      0.876      4.836        0.378
                                     12.0      0.949      5.587        0.372
                                     14.0      1.000      6.325        0.367
                                     16.0      1.000      7.055        0.358
                                     18.0      1.000      7.757        0.351
1                               AUTOMATED STABILITY AND CONTROL METHODS PER APRIL 1976 VERSION OF DATCOM
                                                         DYNAMIC DERIVATIVES
                                        WING-BODY-VERTICAL TAIL-HORIZONTAL TAIL CONFIGURATION
                                                       CERES NASA TN D-5857
 
 -----------------------  FLIGHT CONDITIONS  ------------------------           --------------  REFERENCE DIMENSIONS  ------------
  MACH    ALTITUDE   VELOCITY    PRESSURE    TEMPERATURE     REYNOLDS             REF.      REFERENCE LENGTH   MOMENT REF. CENTER
 NUMBER                                                       NUMBER              AREA       LONG.     LAT.     HORIZ      VERT
             FT       FT/SEC     LB/FT**2       DEG R         1/FT               FT**2        FT        FT        FT        FT
0 0.200       0.00     223.27   2.1162E+03     518.670     1.4136E+06          3455.000     16.300   233.000    49.000    -0.470
                                                    DYNAMIC DERIVATIVES (PER DEGREE)
0           -------PITCHING-------    -----ACCELERATION------    --------------ROLLING--------------    --------YAWING--------
0   ALPHA       CLQ          CMQ           CLAD         CMAD         CLP          CYP          CNP          CNR          CLR
0
    -4.00    2.925E-01   -3.622E-01     3.631E-02   -7.936E-02   -7.266E-03   -3.457E-03    2.901E-04   -1.177E-03   -3.194E-04
    -2.00                               3.630E-02   -7.933E-02   -7.247E-03   -3.060E-03   -9.465E-05   -1.210E-03    4.794E-04
     0.00                               3.626E-02   -7.925E-02   -7.210E-03   -2.658E-03   -4.897E-04   -1.219E-03    1.277E-03
     2.00                               3.612E-02   -7.895E-02   -7.131E-03   -2.255E-03   -8.836E-04   -1.203E-03    2.066E-03
     4.00                               3.590E-02   -7.846E-02   -7.016E-03   -1.854E-03   -1.275E-03   -1.165E-03    2.841E-03
     6.00                               3.561E-02   -7.783E-02   -6.862E-03   -1.456E-03   -1.660E-03   -1.105E-03    3.596E-03
     8.00                               3.364E-02   -7.353E-02   -6.672E-03   -1.063E-03   -2.039E-03   -1.025E-03    4.327E-03
    10.00                               3.050E-02   -6.666E-02   -6.447E-03   -6.748E-04   -2.408E-03   -9.282E-04    5.029E-03
    12.00                               3.257E-02   -7.119E-02   -6.188E-03   -2.944E-04   -2.766E-03   -8.170E-04    5.697E-03
    14.00                               3.383E-02   -7.393E-02   -5.895E-03    7.726E-05   -3.111E-03   -6.946E-04    6.326E-03
    16.00                               3.300E-02   -7.213E-02   -4.547E-03    4.463E-04   -3.467E-03   -5.641E-04    6.913E-03
    18.00                               3.237E-02   -7.074E-02   -2.146E-03    7.398E-04   -3.706E-03   -4.840E-04    7.218E-03
0*** VEHICLE WEIGHT = 109334.00 LB.
0*** LEVEL FLIGHT LIFT COEFFICIENT = 0.53405
   ********************************************************************************************************************************
   ********************************************************************************************************************************
   ********************************************************************************************************************************
   ********************************************************************************************************************************
   ********************************************************************************************************************************







        LATERAL STABILITY DERIVATIVES ARE DELETED BECAUSE ALL OR PART OF THE HORIZONTAL TAIL EXPOSED ROOT CHORD LIES OFF OF THE

        FUSELAGE. FOR THIS CASE THE NAMELIST HTPLNF PARAMETERS SHB, SEXT, AND RLPH MUST BE INPUT BY THE USER.







   ********************************************************************************************************************************
   ********************************************************************************************************************************
   ********************************************************************************************************************************
   ********************************************************************************************************************************
   ********************************************************************************************************************************
   ********************************************************************************************************************************
   ********************************************************************************************************************************
   ********************************************************************************************************************************
   ********************************************************************************************************************************
   ********************************************************************************************************************************







        LATERAL STABILITY DERIVATIVES ARE DELETED BECAUSE ALL OR PART OF THE HORIZONTAL TAIL EXPOSED ROOT CHORD LIES OFF OF THE

        FUSELAGE. FOR THIS CASE THE NAMELIST HTPLNF PARAMETERS SHB, SEXT, AND RLPH MUST BE INPUT BY THE USER.







   ********************************************************************************************************************************
   ********************************************************************************************************************************
   ********************************************************************************************************************************
   ********************************************************************************************************************************
   ********************************************************************************************************************************
1                               AUTOMATED STABILITY AND CONTROL METHODS PER APRIL 1976 VERSION OF DATCOM
                                         CHARACTERISTICS AT ANGLE OF ATTACK AND IN SIDESLIP
                                        WING-BODY-VERTICAL TAIL-HORIZONTAL TAIL CONFIGURATION
                                                       CERES NASA TN D-5857
 
 -----------------------  FLIGHT CONDITIONS  ------------------------           --------------  REFERENCE DIMENSIONS  ------------
  MACH    ALTITUDE   VELOCITY    PRESSURE    TEMPERATURE     REYNOLDS             REF.      REFERENCE LENGTH   MOMENT REF. CENTER
 NUMBER                                                       NUMBER              AREA       LONG.     LAT.     HORIZ      VERT
             FT       FT/SEC     LB/FT**2       DEG R         1/FT               FT**2        FT        FT        FT        FT
0 0.800       0.00     893.06   2.1162E+03     518.670     5.6546E+06          3455.000     16.300   233.000    49.000    -0.470
0                                                               -------------------DERIVATIVE (PER DEGREE)-------------------
0 ALPHA     CD       CL       CM       CN       CA       XCP        CLA          CMA          CYB          CNB          CLB
0
   -4.0   -NaN      NDM       NDM     NDM      NDM      0.170    6.965E-02    1.187E-02      NDM          NDM          NDM 
   -2.0                                                                                                                NDM 
    0.0                                                                                                                NDM 
    2.0                                                                                                                NDM 
    4.0                                                                                                                NDM 
    6.0                                                                                                                NDM 
    8.0                                                                                                                NDM 
   10.0                                                                                                                NDM 
   12.0                                                                                                                NDM 
   14.0                                                                                                                NDM 
   16.0                                                                                                                NDM 
   18.0                                                                                                                NDM 
0                                    ALPHA     Q/QINF    EPSLON  D(EPSLON)/D(ALPHA)
0
                                     -4.0      0.901      0.000        0.306
                                     -2.0                                  
                                      0.0                                  
                                      2.0                                  
                                      4.0                                  
                                      6.0                                  
                                      8.0                                  
                                     10.0                                  
                                     12.0                                  
                                     14.0                                  
                                     16.0                                  
                                     18.0                                  
0*** NDM PRINTED WHEN NO DATCOM METHODS EXIST
1                               AUTOMATED STABILITY AND CONTROL METHODS PER APRIL 1976 VERSION OF DATCOM
                                                         DYNAMIC DERIVATIVES
                                        WING-BODY-VERTICAL TAIL-HORIZONTAL TAIL CONFIGURATION
                                                       CERES NASA TN D-5857
 
 -----------------------  FLIGHT CONDITIONS  ------------------------           --------------  REFERENCE DIMENSIONS  ------------
  MACH    ALTITUDE   VELOCITY    PRESSURE    TEMPERATURE     REYNOLDS             REF.      REFERENCE LENGTH   MOMENT REF. CENTER
 NUMBER                                                       NUMBER              AREA       LONG.     LAT.     HORIZ      VERT
             FT       FT/SEC     LB/FT**2       DEG R         1/FT               FT**2        FT        FT        FT        FT
0 0.800       0.00     893.06   2.1162E+03     518.670     5.6546E+06          3455.000     16.300   233.000    49.000    -0.470
                                                    DYNAMIC DERIVATIVES (PER DEGREE)
0           -------PITCHING-------    -----ACCELERATION------    --------------ROLLING--------------    --------YAWING--------
0   ALPHA       CLQ          CMQ           CLAD         CMAD         CLP          CYP          CNP          CNR          CLR
0
    -4.00    1.969E-01   -3.839E-01     2.409E-02   -4.620E-02      NDM          NDM          NDM          NDM          NDM 
    -2.00                                                           NDM          NDM          NDM          NDM          NDM 
     0.00                                                           NDM          NDM          NDM          NDM          NDM 
     2.00                                                           NDM          NDM          NDM          NDM          NDM 
     4.00                                                           NDM          NDM          NDM          NDM          NDM 
     6.00                                                           NDM          NDM          NDM          NDM          NDM 
     8.00                                                           NDM          NDM          NDM          NDM          NDM 
    10.00                                                           NDM          NDM          NDM          NDM          NDM 
    12.00                                                           NDM          NDM          NDM          NDM          NDM 
    14.00                                                           NDM          NDM          NDM          NDM          NDM 
    16.00                                                           NDM          NDM          NDM          NDM          NDM 
    18.00                                                           NDM          NDM          NDM          NDM          NDM 
0*** NDM PRINTED WHEN NO DATCOM METHODS EXIST
0*** VEHICLE WEIGHT = 109334.00 LB.
0*** LEVEL FLIGHT LIFT COEFFICIENT = 0.03338
1                             AUTOMATED STABILITY AND CONTROL METHODS PER APRIL 1976 VERSION OF DATCOM
                                             CONFIGURATION AUXILIARY AND PARTIAL OUTPUT
                                        WING-BODY-VERTICAL TAIL-HORIZONTAL TAIL CONFIGURATION
                                                       CERES NASA TN D-5857
 -----------------------  FLIGHT CONDITIONS  ------------------------           --------------  REFERENCE DIMENSIONS  ------------
  MACH    ALTITUDE   VELOCITY    PRESSURE    TEMPERATURE     REYNOLDS             REF.      REFERENCE LENGTH   MOMENT REF. CENTER
 NUMBER                                                       NUMBER              AREA       LONG.     LAT.     HORIZ      VERT
             FT       FT/SEC     LB/FT**2       DEG R         1/FT               FT**2        FT        FT        FT        FT
0 0.800       0.00     893.06   2.1162E+03     518.670     5.6546E+06          3455.000     16.300   233.000    49.000    -0.470


                                                       BASIC BODY PROPERTIES

            WETTED AREA      XCG     ZCG     BASE AREA     ZERO LIFT DRAG   BASE DRAG   FRICTION DRAG   PRESSURE DRAG
             0.1576E+04    49.00   -0.47      11.5200        0.1005E-02    0.2036E-03    0.7489E-03      0.5259E-04


                                         XCG RELATIVE TO THEORETICAL LEADING EDGE MAC= -10.67


                                                       BASIC PLANFORM PROPERTIES

                                    TAPER     ASPECT   QUARTER CHORD             QUARTER CHORD              ZERO LIFT    FRICTION
                         AREA       RATIO      RATIO       SWEEP        MAC        X(MAC)       Y(MAC)        DRAG     COEFFICIENT
0      WING
   TOTAL THEORITICAL
+                     0.3431E+04    0.446    0.1447E+02    18.000    0.162E+02    0.637E+02    0.486E+02                       
       TOTAL EXPOSED
+                     0.3237E+04    0.456    0.1409E+02    18.000    0.159E+02    0.646E+02    0.514E+02    0.222E-01    0.207E-02
0  HORIZONTAL TAIL
   TOTAL THEORITICAL
+                     0.1068E+04    0.444    0.3884E+01    28.200    0.174E+02    0.838E+02    0.140E+02                       
       TOTAL EXPOSED
+                     0.9686E+03    0.462    0.3717E+01    28.200    0.169E+02    0.845E+02    0.154E+02    0.212E-02    0.205E-02
0   VERTICAL TAIL
   TOTAL THEORITICAL
+                     0.6977E+03    0.647    0.1422E+01    40.200    0.225E+02    0.102E+03    0.146E+02                       
       TOTAL EXPOSED
+                     0.6054E+03    0.673    0.1295E+01    40.200    0.219E+02    0.104E+03    0.166E+02      NA           NA  
0*** NA PRINTED WHEN METHOD NOT APPLICABLE
1                             AUTOMATED STABILITY AND CONTROL METHODS PER APRIL 1976 VERSION OF DATCOM
                                             CONFIGURATION AUXILIARY AND PARTIAL OUTPUT
                                        WING-BODY-VERTICAL TAIL-HORIZONTAL TAIL CONFIGURATION
                                                       CERES NASA TN D-5857
 -----------------------  FLIGHT CONDITIONS  ------------------------           --------------  REFERENCE DIMENSIONS  ------------
  MACH    ALTITUDE   VELOCITY    PRESSURE    TEMPERATURE     REYNOLDS             REF.      REFERENCE LENGTH   MOMENT REF. CENTER
 NUMBER                                                       NUMBER              AREA       LONG.     LAT.     HORIZ      VERT
             FT       FT/SEC     LB/FT**2       DEG R         1/FT               FT**2        FT        FT        FT        FT
0 0.800       0.00     893.06   2.1162E+03     518.670     5.6546E+06          3455.000     16.300   233.000    49.000    -0.470
0          CLA-B(W)= 3.783E-03     CLA-W(B)= 5.151E-02     K-B(W)= 7.586E-02     K-W(B)= 1.033E+00     XAC/C-B(W)= 6.105E-01
0          CLA-B(H)= 1.646E-03     CLA-H(B)= 2.115E-02     K-B(H)= 8.209E-02     K-H(B)= 1.055E+00     XAC/C-B(H)= 6.166E-01
1                             AUTOMATED STABILITY AND CONTROL METHODS PER APRIL 1976 VERSION OF DATCOM
                                             CONFIGURATION AUXILIARY AND PARTIAL OUTPUT
                                        WING-BODY-VERTICAL TAIL-HORIZONTAL TAIL CONFIGURATION
                                                       CERES NASA TN D-5857
 -----------------------  FLIGHT CONDITIONS  ------------------------           --------------  REFERENCE DIMENSIONS  ------------
  MACH    ALTITUDE   VELOCITY    PRESSURE    TEMPERATURE     REYNOLDS             REF.      REFERENCE LENGTH   MOMENT REF. CENTER
 NUMBER                                                       NUMBER              AREA       LONG.     LAT.     HORIZ      VERT
             FT       FT/SEC     LB/FT**2       DEG R         1/FT               FT**2        FT        FT        FT        FT
0 0.800       0.00     893.06   2.1162E+03     518.670     5.6546E+06          3455.000     16.300   233.000    49.000    -0.470


                                                      *** WING DATA FAIRING ***
                                       CDL/CL**2 =-0.1611E+00     CLB/CL = 0.1640E-02
            FORCE BREAK MACH NUMBER (ZERO SWEEP) = 0.7816E+00     FORCE BREAK MACH NUMBER (WITH SWEEP) = 0.8001E+00
                      MACH(A) = 0.870     CLA(A) =-0.8678E-02     MACH(B) = 0.940     CLA(B) = 0.4232E-01
                                                (CLB/CL)M=0.6 = 0.7089E-02     (CLB/CL)M=1.4 = 0.1000E-29

                                                  LIFT-CURVE-SLOPE INTERPOLATION TABLE
                                                      MACH               CL-ALPHA
                                                     0.700               0.9764E-01
                                                     0.800               0.4979E-01
                                                     0.870              -0.8678E-02
                                                     0.940               0.4232E-01
                                                     1.400               0.6014E-01


                                                   *** WING-BODY DATA FAIRING ***
            CLB/CL = 0.5692E-03     (CLB/CL)MFB = 0.4595E-03     (CLB/CL)M=1.4 = 0.1000E-29     (CNA)M=1.4 = 0.6451E-01




                                                   *** HORIZONTAL TAIL DATA FAIRING ***
                                       CDL/CL**2 = 0.2164E+00     CLB/CL =-0.8373E-03
            FORCE BREAK MACH NUMBER (ZERO SWEEP) = 0.8305E+00     FORCE BREAK MACH NUMBER (WITH SWEEP) = 0.8540E+00
                      MACH(A) = 0.924     CLA(A) = 0.8254E-02     MACH(B) = 0.994     CLA(B) = 0.1575E-01
                                                (CLB/CL)M=0.6 =-0.8967E-03     (CLB/CL)M=1.4 = 0.1000E-29

                                                  LIFT-CURVE-SLOPE INTERPOLATION TABLE
                                                      MACH               CL-ALPHA
                                                     0.750               0.1931E-01
                                                     0.854               0.1853E-01
                                                     0.924               0.8254E-02
                                                     0.994               0.1575E-01
                                                     1.400               0.1472E-01


                                              *** HORIZONTAL TAIL-BODY DATA FAIRING ***
            CLB/CL =-0.1413E-02     (CLB/CL)MFB =-0.8410E-03     (CLB/CL)M=1.4 = 0.1000E-29     (CNA)M=1.4 = 0.1566E-01




                                           *** BODY-WING-HORIZONTAL TAIL DATA FAIRING ***
                                                DRAG DIVERGENCE MACH NUMBER = 0.749
                                                      MACH                 CDO
                                                     0.600               0.8936E-02
                                                     0.700               0.9249E-02
                                                     1.100              -NaN       
                                                     1.400              -NaN       
1
1                               AUTOMATED STABILITY AND CONTROL METHODS PER APRIL 1976 VERSION OF DATCOM
                                         CHARACTERISTICS AT ANGLE OF ATTACK AND IN SIDESLIP
                                        WING-BODY-VERTICAL TAIL-HORIZONTAL TAIL CONFIGURATION
                                                       CERES NASA TN D-5857
 
 -----------------------  FLIGHT CONDITIONS  ------------------------           --------------  REFERENCE DIMENSIONS  ------------
  MACH    ALTITUDE   VELOCITY    PRESSURE    TEMPERATURE     REYNOLDS             REF.      REFERENCE LENGTH   MOMENT REF. CENTER
 NUMBER                                                       NUMBER              AREA       LONG.     LAT.     HORIZ      VERT
             FT       FT/SEC     LB/FT**2       DEG R         1/FT               FT**2        FT        FT        FT        FT
0 0.200   65617.00     193.59   1.1548E+02     389.970     1.1197E+05          3455.000     16.300   233.000    49.000    -0.470
0                                                               -------------------DERIVATIVE (PER DEGREE)-------------------
0 ALPHA     CD       CL       CM       CN       CA       XCP        CLA          CMA          CYB          CNB          CLB
0
   -4.0    0.020   -0.196    0.2378  -0.197    0.006   -1.206    9.583E-02   -1.045E-01   -1.285E-02    3.048E-03   -2.187E-03
   -2.0    0.017   -0.005    0.0321  -0.006    0.017   -5.425    9.521E-02   -1.019E-01                             -2.397E-03
    0.0    0.018    0.185   -0.1698   0.185    0.018   -0.920    9.453E-02   -1.004E-01                             -2.604E-03
    2.0    0.021    0.373   -0.3694   0.373    0.008   -0.989    9.355E-02   -9.929E-02                             -2.808E-03
    4.0    0.026    0.559   -0.5669   0.559   -0.013   -1.014    9.222E-02   -9.847E-02                             -3.009E-03
    6.0    0.033    0.742   -0.7633   0.741   -0.045   -1.030    8.909E-02   -9.412E-02                             -3.205E-03
    8.0    0.042    0.915   -0.9434   0.912   -0.086   -1.034    8.502E-02   -8.774E-02                             -3.396E-03
   10.0    0.053    1.082   -1.1142   1.075   -0.136   -1.037    8.543E-02   -9.197E-02                             -3.580E-03
   12.0    0.068    1.257   -1.3113   1.243   -0.195   -1.055    8.768E-02   -1.013E-01                             -3.754E-03
   14.0    0.087    1.433   -1.5195   1.411   -0.263   -1.077    8.346E-02   -9.716E-02                             -3.917E-03
   16.0    0.106    1.591   -1.6999   1.558   -0.336   -1.091    6.541E-02   -7.783E-02                             -4.065E-03
   18.0    0.124    1.694   -1.8309   1.650   -0.406   -1.110    3.814E-02   -5.313E-02                             -4.114E-03
0                                    ALPHA     Q/QINF    EPSLON  D(EPSLON)/D(ALPHA)
0
                                     -4.0      1.000     -0.613        0.394
                                     -2.0      1.000      0.175        0.394
                                      0.0      1.000      0.962        0.393
                                      2.0      1.000      1.749        0.392
                                      4.0      1.000      2.530        0.389
                                      6.0      0.998      3.307        0.386
                                      8.0      0.918      4.076        0.382
                                     10.0      0.847      4.836        0.378
                                     12.0      0.912      5.587        0.372
                                     14.0      0.998      6.325        0.367
                                     16.0      1.000      7.055        0.358
                                     18.0      1.000      7.757        0.351
1                               AUTOMATED STABILITY AND CONTROL METHODS PER APRIL 1976 VERSION OF DATCOM
                                                         DYNAMIC DERIVATIVES
                                        WING-BODY-VERTICAL TAIL-HORIZONTAL TAIL CONFIGURATION
                                                       CERES NASA TN D-5857
 
 -----------------------  FLIGHT CONDITIONS  ------------------------           --------------  REFERENCE DIMENSIONS  ------------
  MACH    ALTITUDE   VELOCITY    PRESSURE    TEMPERATURE     REYNOLDS             REF.      REFERENCE LENGTH   MOMENT REF. CENTER
 NUMBER                                                       NUMBER              AREA       LONG.     LAT.     HORIZ      VERT
             FT       FT/SEC     LB/FT**2       DEG R         1/FT               FT**2        FT        FT        FT        FT
0 0.200   65617.00     193.59   1.1548E+02     389.970     1.1197E+05          3455.000     16.300   233.000    49.000    -0.470
                                                    DYNAMIC DERIVATIVES (PER DEGREE)
0           -------PITCHING-------    -----ACCELERATION------    --------------ROLLING--------------    --------YAWING--------
0   ALPHA       CLQ          CMQ           CLAD         CMAD         CLP          CYP          CNP          CNR          CLR
0
    -4.00    2.925E-01   -3.622E-01     3.631E-02   -7.936E-02   -7.273E-03   -3.456E-03    2.889E-04   -1.204E-03   -3.194E-04
    -2.00                               3.630E-02   -7.933E-02   -7.254E-03   -3.060E-03   -9.433E-05   -1.237E-03    4.794E-04
     0.00                               3.626E-02   -7.925E-02   -7.217E-03   -2.658E-03   -4.879E-04   -1.246E-03    1.277E-03
     2.00                               3.612E-02   -7.895E-02   -7.138E-03   -2.256E-03   -8.804E-04   -1.230E-03    2.066E-03
     4.00                               3.590E-02   -7.846E-02   -7.023E-03   -1.856E-03   -1.270E-03   -1.192E-03    2.841E-03
     6.00                               3.556E-02   -7.771E-02   -6.869E-03   -1.458E-03   -1.655E-03   -1.133E-03    3.596E-03
     8.00                               3.234E-02   -7.067E-02   -6.679E-03   -1.065E-03   -2.032E-03   -1.054E-03    4.327E-03
    10.00                               2.949E-02   -6.446E-02   -6.454E-03   -6.776E-04   -2.401E-03   -9.583E-04    5.029E-03
    12.00                               3.130E-02   -6.840E-02   -6.195E-03   -2.975E-04   -2.758E-03   -8.481E-04    5.697E-03
    14.00                               3.375E-02   -7.377E-02   -5.902E-03    7.405E-05   -3.102E-03   -7.267E-04    6.326E-03
    16.00                               3.300E-02   -7.213E-02   -4.554E-03    4.434E-04   -3.460E-03   -5.973E-04    6.913E-03
    18.00                               3.237E-02   -7.074E-02   -2.152E-03    7.374E-04   -3.701E-03   -5.179E-04    7.218E-03
0*** VEHICLE WEIGHT = 109334.00 LB.
0*** LEVEL FLIGHT LIFT COEFFICIENT = 9.78722
1                               AUTOMATED STABILITY AND CONTROL METHODS PER APRIL 1976 VERSION OF DATCOM
                                         CHARACTERISTICS AT ANGLE OF ATTACK AND IN SIDESLIP
                                        WING-BODY-VERTICAL TAIL-HORIZONTAL TAIL CONFIGURATION
                                                       CERES NASA TN D-5857
 
 -----------------------  FLIGHT CONDITIONS  ------------------------           --------------  REFERENCE DIMENSIONS  ------------
  MACH    ALTITUDE   VELOCITY    PRESSURE    TEMPERATURE     REYNOLDS             REF.      REFERENCE LENGTH   MOMENT REF. CENTER
 NUMBER                                                       NUMBER              AREA       LONG.     LAT.     HORIZ      VERT
             FT       FT/SEC     LB/FT**2       DEG R         1/FT               FT**2        FT        FT        FT        FT
0 0.800   65617.00     774.37   1.1548E+02     389.970     4.4788E+05          3455.000     16.300   233.000    49.000    -0.470
0                                                               -------------------DERIVATIVE (PER DEGREE)-------------------
0 ALPHA     CD       CL       CM       CN       CA       XCP        CLA          CMA          CYB          CNB          CLB
0
   -4.0   -NaN      NDM       NDM     NDM      NDM      0.179    6.997E-02    1.255E-02      NDM          NDM          NDM 
   -2.0                                                                                                                NDM 
    0.0                                                                                                                NDM 
    2.0                                                                                                                NDM 
    4.0                                                                                                                NDM 
    6.0                                                                                                                NDM 
    8.0                                                                                                                NDM 
   10.0                                                                                                                NDM 
   12.0                                                                                                                NDM 
   14.0                                                                                                                NDM 
   16.0                                                                                                                NDM 
   18.0                                                                                                                NDM 
0                                    ALPHA     Q/QINF    EPSLON  D(EPSLON)/D(ALPHA)
0
                                     -4.0      0.921      0.000        0.306
                                     -2.0                                  
                                      0.0                                  
                                      2.0                                  
                                      4.0                                  
                                      6.0                                  
                                      8.0                                  
                                     10.0                                  
                                     12.0                                  
                                     14.0                                  
                                     16.0                                  
                                     18.0                                  
0*** NDM PRINTED WHEN NO DATCOM METHODS EXIST
1                               AUTOMATED STABILITY AND CONTROL METHODS PER APRIL 1976 VERSION OF DATCOM
                                                         DYNAMIC DERIVATIVES
                                        WING-BODY-VERTICAL TAIL-HORIZONTAL TAIL CONFIGURATION
                                                       CERES NASA TN D-5857
 
 -----------------------  FLIGHT CONDITIONS  ------------------------           --------------  REFERENCE DIMENSIONS  ------------
  MACH    ALTITUDE   VELOCITY    PRESSURE    TEMPERATURE     REYNOLDS             REF.      REFERENCE LENGTH   MOMENT REF. CENTER
 NUMBER                                                       NUMBER              AREA       LONG.     LAT.     HORIZ      VERT
             FT       FT/SEC     LB/FT**2       DEG R         1/FT               FT**2        FT        FT        FT        FT
0 0.800   65617.00     774.37   1.1548E+02     389.970     4.4788E+05          3455.000     16.300   233.000    49.000    -0.470
                                                    DYNAMIC DERIVATIVES (PER DEGREE)
0           -------PITCHING-------    -----ACCELERATION------    --------------ROLLING--------------    --------YAWING--------
0   ALPHA       CLQ          CMQ           CLAD         CMAD         CLP          CYP          CNP          CNR          CLR
0
    -4.00    1.986E-01   -3.873E-01     2.463E-02   -4.723E-02      NDM          NDM          NDM          NDM          NDM 
    -2.00                                                           NDM          NDM          NDM          NDM          NDM 
     0.00                                                           NDM          NDM          NDM          NDM          NDM 
     2.00                                                           NDM          NDM          NDM          NDM          NDM 
     4.00                                                           NDM          NDM          NDM          NDM          NDM 
     6.00                                                           NDM          NDM          NDM          NDM          NDM 
     8.00                                                           NDM          NDM          NDM          NDM          NDM 
    10.00                                                           NDM          NDM          NDM          NDM          NDM 
    12.00                                                           NDM          NDM          NDM          NDM          NDM 
    14.00                                                           NDM          NDM          NDM          NDM          NDM 
    16.00                                                           NDM          NDM          NDM          NDM          NDM 
    18.00                                                           NDM          NDM          NDM          NDM          NDM 
0*** NDM PRINTED WHEN NO DATCOM METHODS EXIST
0*** VEHICLE WEIGHT = 109334.00 LB.
0*** LEVEL FLIGHT LIFT COEFFICIENT = 0.61170
1                             AUTOMATED STABILITY AND CONTROL METHODS PER APRIL 1976 VERSION OF DATCOM
                                             CONFIGURATION AUXILIARY AND PARTIAL OUTPUT
                                        WING-BODY-VERTICAL TAIL-HORIZONTAL TAIL CONFIGURATION
                                                       CERES NASA TN D-5857
 -----------------------  FLIGHT CONDITIONS  ------------------------           --------------  REFERENCE DIMENSIONS  ------------
  MACH    ALTITUDE   VELOCITY    PRESSURE    TEMPERATURE     REYNOLDS             REF.      REFERENCE LENGTH   MOMENT REF. CENTER
 NUMBER                                                       NUMBER              AREA       LONG.     LAT.     HORIZ      VERT
             FT       FT/SEC     LB/FT**2       DEG R         1/FT               FT**2        FT        FT        FT        FT
0 0.800   65617.00     774.37   1.1548E+02     389.970     4.4788E+05          3455.000     16.300   233.000    49.000    -0.470


                                                       BASIC BODY PROPERTIES

            WETTED AREA      XCG     ZCG     BASE AREA     ZERO LIFT DRAG   BASE DRAG   FRICTION DRAG   PRESSURE DRAG
             0.1576E+04    49.00   -0.47      11.5200        0.1332E-02    0.1689E-03    0.1087E-02      0.7633E-04


                                         XCG RELATIVE TO THEORETICAL LEADING EDGE MAC= -10.67


                                                       BASIC PLANFORM PROPERTIES

                                    TAPER     ASPECT   QUARTER CHORD             QUARTER CHORD              ZERO LIFT    FRICTION
                         AREA       RATIO      RATIO       SWEEP        MAC        X(MAC)       Y(MAC)        DRAG     COEFFICIENT
0      WING
   TOTAL THEORITICAL
+                     0.3431E+04    0.446    0.1447E+02    18.000    0.162E+02    0.637E+02    0.486E+02                       
       TOTAL EXPOSED
+                     0.3237E+04    0.456    0.1409E+02    18.000    0.159E+02    0.646E+02    0.514E+02    0.244E-01    0.306E-02
0  HORIZONTAL TAIL
   TOTAL THEORITICAL
+                     0.1068E+04    0.444    0.3884E+01    28.200    0.174E+02    0.838E+02    0.140E+02                       
       TOTAL EXPOSED
+                     0.9686E+03    0.462    0.3717E+01    28.200    0.169E+02    0.845E+02    0.154E+02    0.275E-02    0.303E-02
0   VERTICAL TAIL
   TOTAL THEORITICAL
+                     0.6977E+03    0.647    0.1422E+01    40.200    0.225E+02    0.102E+03    0.146E+02                       
       TOTAL EXPOSED
+                     0.6054E+03    0.673    0.1295E+01    40.200    0.219E+02    0.104E+03    0.166E+02      NA           NA  
0*** NA PRINTED WHEN METHOD NOT APPLICABLE
1                             AUTOMATED STABILITY AND CONTROL METHODS PER APRIL 1976 VERSION OF DATCOM
                                             CONFIGURATION AUXILIARY AND PARTIAL OUTPUT
                                        WING-BODY-VERTICAL TAIL-HORIZONTAL TAIL CONFIGURATION
                                                       CERES NASA TN D-5857
 -----------------------  FLIGHT CONDITIONS  ------------------------           --------------  REFERENCE DIMENSIONS  ------------
  MACH    ALTITUDE   VELOCITY    PRESSURE    TEMPERATURE     REYNOLDS             REF.      REFERENCE LENGTH   MOMENT REF. CENTER
 NUMBER                                                       NUMBER              AREA       LONG.     LAT.     HORIZ      VERT
             FT       FT/SEC     LB/FT**2       DEG R         1/FT               FT**2        FT        FT        FT        FT
0 0.800   65617.00     774.37   1.1548E+02     389.970     4.4788E+05          3455.000     16.300   233.000    49.000    -0.470
0          CLA-B(W)= 3.783E-03     CLA-W(B)= 5.151E-02     K-B(W)= 7.586E-02     K-W(B)= 1.033E+00     XAC/C-B(W)= 6.105E-01
0          CLA-B(H)= 1.646E-03     CLA-H(B)= 2.115E-02     K-B(H)= 8.209E-02     K-H(B)= 1.055E+00     XAC/C-B(H)= 6.166E-01
1                             AUTOMATED STABILITY AND CONTROL METHODS PER APRIL 1976 VERSION OF DATCOM
                                             CONFIGURATION AUXILIARY AND PARTIAL OUTPUT
                                        WING-BODY-VERTICAL TAIL-HORIZONTAL TAIL CONFIGURATION
                                                       CERES NASA TN D-5857
 -----------------------  FLIGHT CONDITIONS  ------------------------           --------------  REFERENCE DIMENSIONS  ------------
  MACH    ALTITUDE   VELOCITY    PRESSURE    TEMPERATURE     REYNOLDS             REF.      REFERENCE LENGTH   MOMENT REF. CENTER
 NUMBER                                                       NUMBER              AREA       LONG.     LAT.     HORIZ      VERT
             FT       FT/SEC     LB/FT**2       DEG R         1/FT               FT**2        FT        FT        FT        FT
0 0.800   65617.00     774.37   1.1548E+02     389.970     4.4788E+05          3455.000     16.300   233.000    49.000    -0.470


                                                      *** WING DATA FAIRING ***
                                       CDL/CL**2 =-0.1611E+00     CLB/CL = 0.1640E-02
            FORCE BREAK MACH NUMBER (ZERO SWEEP) = 0.7816E+00     FORCE BREAK MACH NUMBER (WITH SWEEP) = 0.8001E+00
                      MACH(A) = 0.870     CLA(A) =-0.8678E-02     MACH(B) = 0.940     CLA(B) = 0.4232E-01
                                                (CLB/CL)M=0.6 = 0.7089E-02     (CLB/CL)M=1.4 = 0.1000E-29

                                                  LIFT-CURVE-SLOPE INTERPOLATION TABLE
                                                      MACH               CL-ALPHA
                                                     0.700               0.9764E-01
                                                     0.800               0.4979E-01
                                                     0.870              -0.8678E-02
                                                     0.940               0.4232E-01
                                                     1.400               0.6014E-01


                                                   *** WING-BODY DATA FAIRING ***
            CLB/CL = 0.5692E-03     (CLB/CL)MFB = 0.4595E-03     (CLB/CL)M=1.4 = 0.1000E-29     (CNA)M=1.4 = 0.6451E-01




                                                   *** HORIZONTAL TAIL DATA FAIRING ***
                                       CDL/CL**2 = 0.2164E+00     CLB/CL =-0.8373E-03
            FORCE BREAK MACH NUMBER (ZERO SWEEP) = 0.8305E+00     FORCE BREAK MACH NUMBER (WITH SWEEP) = 0.8540E+00
                      MACH(A) = 0.924     CLA(A) = 0.8254E-02     MACH(B) = 0.994     CLA(B) = 0.1575E-01
                                                (CLB/CL)M=0.6 =-0.8967E-03     (CLB/CL)M=1.4 = 0.1000E-29

                                                  LIFT-CURVE-SLOPE INTERPOLATION TABLE
                                                      MACH               CL-ALPHA
                                                     0.750               0.1931E-01
                                                     0.854               0.1853E-01
                                                     0.924               0.8254E-02
                                                     0.994               0.1575E-01
                                                     1.400               0.1472E-01


                                              *** HORIZONTAL TAIL-BODY DATA FAIRING ***
            CLB/CL =-0.1413E-02     (CLB/CL)MFB =-0.8410E-03     (CLB/CL)M=1.4 = 0.1000E-29     (CNA)M=1.4 = 0.1566E-01




                                           *** BODY-WING-HORIZONTAL TAIL DATA FAIRING ***
                                                DRAG DIVERGENCE MACH NUMBER = 0.749
                                                      MACH                 CDO
                                                     0.600               0.8936E-02
                                                     0.700               0.9249E-02
                                                     1.100              -NaN       
                                                     1.400              -NaN       
1
1          THE FOLLOWING IS A LIST OF ALL INPUT CARDS FOR THIS CASE.
0
1 END OF JOB.
